<?xml version="1.0" encoding="UTF-8" ?>
<testsuites name="vitest tests" tests="718" failures="26" errors="0" time="881.9764858">
    <testsuite name="tests/unit.test.js" timestamp="2026-04-14T07:47:39.700Z" hostname="Tianwen" tests="24" failures="2" errors="0" skipped="0" time="179.3549108">
        <testcase classname="tests/unit.test.js" name="IntentEngine &gt; 应该正确识别文件读取意图" time="1.1845777">
        </testcase>
        <testcase classname="tests/unit.test.js" name="IntentEngine &gt; 应该正确识别代码生成意图" time="0.1860692">
        </testcase>
        <testcase classname="tests/unit.test.js" name="IntentEngine &gt; 应该正确识别 kernel 升级意图" time="0.1624921">
        </testcase>
        <testcase classname="tests/unit.test.js" name="IntentEngine &gt; 应该为未知输入返回 general_chat 默认意图" time="0.4952934">
        </testcase>
        <testcase classname="tests/unit.test.js" name="IntentEngine &gt; 应该正确处理空消息" time="0.1687584">
        </testcase>
        <testcase classname="tests/unit.test.js" name="IntentEngine &gt; 应该加载外部意图文件（热插拔）" time="0.1992415">
        </testcase>
        <testcase classname="tests/unit.test.js" name="IntentEngine &gt; 应该正确热注册新意图（register）" time="0.1666553">
        </testcase>
        <testcase classname="tests/unit.test.js" name="IntentEngine &gt; 应该正确热卸载意图（unregister）" time="0.1571066">
        </testcase>
        <testcase classname="tests/unit.test.js" name="IntentEngine &gt; 应该热重载外部意图（reload）" time="0.3407359">
        </testcase>
        <testcase classname="tests/unit.test.js" name="IntentEngine &gt; 重复注册同一意图应被拒绝" time="0.2720496">
            <system-err>
[IntentEngine] register: &apos;dup_test&apos; already exists, skipping

            </system-err>
        </testcase>
        <testcase classname="tests/unit.test.js" name="IntentEngine &gt; 卸载不存在的意图应返回 false" time="0.2986708">
        </testcase>
        <testcase classname="tests/unit.test.js" name="IntentEngine &gt; 无效 JSON 格式的外部意图文件应被跳过" time="0.2818916">
            <system-err>
[IntentEngine] Failed to load intent file bad-intent.json: Unexpected token &apos;h&apos;, &quot;this is not&quot;... is not valid JSON

            </system-err>
        </testcase>
        <testcase classname="tests/unit.test.js" name="IntentEngine &gt; 缺少必填字段的外部意图定义应被跳过" time="0.3843231">
            <system-err>
[IntentEngine] Failed to load intent file bad-intent.json: Unexpected token &apos;h&apos;, &quot;this is not&quot;... is not valid JSON
[IntentEngine] Invalid intent def in incomplete.json: incomplete

            </system-err>
        </testcase>
        <testcase classname="tests/unit.test.js" name="IntentEngine &gt; 高优先级外部意图应排在内置意图之前" time="0.2428041">
            <system-err>
[IntentEngine] Failed to load intent file bad-intent.json: Unexpected token &apos;h&apos;, &quot;this is not&quot;... is not valid JSON
[IntentEngine] Invalid intent def in incomplete.json: incomplete

            </system-err>
        </testcase>
        <testcase classname="tests/unit.test.js" name="UpgradeController Security &gt; 通配符路径应被拒绝（安全修复验证）" time="1.0211374">
        </testcase>
        <testcase classname="tests/unit.test.js" name="UpgradeController Security &gt; 不在白名单的来源应被拒绝" time="0.0018917">
        </testcase>
        <testcase classname="tests/unit.test.js" name="UpgradeController Security &gt; 允许列表内的来源应通过验证" time="0.0017969">
        </testcase>
        <testcase classname="tests/unit.test.js" name="UpgradeController Security &gt; 不允许的文件类型应被拒绝" time="0.0014993">
        </testcase>
        <testcase classname="tests/unit.test.js" name="UpgradeController Security &gt; upgradeKernel 应拒绝未授权来源" time="0.0008965">
        </testcase>
        <testcase classname="tests/unit.test.js" name="CoreKernel Negative Cases &gt; 未初始化的内核 process() 应抛出错误" time="0.2081494">
            <system-err>
[Kernel] System config not found: C:\Users\Lin\.qclaw\workspace\hundunos\config\system.test.json

            </system-err>
        </testcase>
        <testcase classname="tests/unit.test.js" name="CoreKernel Negative Cases &gt; 超大文件写入请求应被拒绝（10MB 限制）" time="65.4974423">
            <system-err>
[Kernel] System config not found: C:\Users\Lin\.qclaw\workspace\hundunos\tests\config\system.json
[Kernel] System config not found: C:\Users\Lin\.qclaw\workspace\hundunos\tests\config\system.test.json

2026-04-14T07:41:00.105Z [33m[WARN][0m [HundunOS:Storage] SECURITY WARNING: HUNDUNOS_ENCRYPTION_KEY not set. Encryption is DISABLED for this session. Set the env var before production use.

2026-04-14T07:41:15.554Z [33m[WARN][0m [HundunOS:Storage] put error: &quot;[Storage] Encryption required for key &apos;health_test&apos; but HUNDUNOS_ENCRYPTION_KEY is not set. Refusing to write unencrypted sensitive data.&quot;

[Kernel] Env issues: Ollama 本地推理, OpenClaw CLI, 存储层可用

2026-04-14T07:41:22.580Z [33m[WARN][0m [HundunOS:ModelRouter] Provider openai registration failed: &quot;Parse failure: Parse failed with 1 error:\nIdentifier expected. &apos;export&apos; is a reserved word that cannot be used here.\n73: // 注册为可用模型\r\n74: export const // Built-in model registry\r\n75: export const MODELS = {\r\n    ^\n76:     // GPT-4o Series\r\n77:     &apos;gpt-4o&apos;:                  { name: &apos;GPT-4o&apos;,                  context: 128000, costPer1M: 2.50,  capabilities: [&apos;...\nAt file: /kernel/model-router/providers/openai.js:75:0&quot;

2026-04-14T07:41:22.585Z [33m[WARN][0m [HundunOS:ModelRouter] Provider anthropic registration failed: &quot;Parse failure: Parse failed with 1 error:\nIdentifier expected. &apos;export&apos; is a reserved word that cannot be used here.\n85: // 注册为可用模型\n86: export const // Built-in model registry\n87: export const MODELS = {\n    ^\n88:     // Claude 4 Series (Latest)\n89:     &apos;claude-opus-4-20250514&apos;:          { name: &apos;Claude Opus 4&apos;,          context: 200000, costPer1M: 15.00, capabilit...\nAt file: /kernel/model-router/providers/anthropic.js:87:0&quot;

2026-04-14T07:41:22.924Z [33m[WARN][0m [HundunOS:ModelRouter] Provider mistral registration failed: &quot;MistralProvider is not a constructor&quot;

2026-04-14T07:41:24.128Z [33m[WARN][0m [HundunOS:Storage] put error: &quot;[Storage] Encryption required for key &apos;__health_check__&apos; but HUNDUNOS_ENCRYPTION_KEY is not set. Refusing to write unencrypted sensitive data.&quot;

[ClientAdapterManager] Failed to connect qclaw: QClaw Gateway 未运行或无法访问

[RustModules] ⚠️  Initialized (process) — Rust unavailable, using JS fallback

[Kernel] RustModules: ✗ daemon unavailable — using JS fallback

[TaskScientist] ⚠️  Rust BFTS engine unavailable — using JS fallback

[Kernel] Skill system init failed: Cannot find module &apos;file:///C:/Users/Lin/.qclaw/workspace/hundunos/skills/skill-registry.js&apos; imported from C:/Users/Lin/.qclaw/workspace/hundunos/kernel/mixins/ModuleMixin.js

[Kernel] ProactiveManager init failed: Cannot find module &apos;file:///C:/Users/Lin/.qclaw/workspace/hundunos/proactive/proactive.js&apos; imported from C:/Users/Lin/.qclaw/workspace/hundunos/kernel/mixins/ModuleMixin.js

[Kernel] AgentTeams init failed: Cannot find module &apos;file:///C:/Users/Lin/.qclaw/workspace/hundunos/agent-teams/manager.js&apos; imported from C:/Users/Lin/.qclaw/workspace/hundunos/kernel/mixins/ModuleMixin.js

[Kernel] DebateTeamManager init failed: Failed to parse source for import analysis because the content contains invalid JS syntax. If you are using JSX, make sure to name the file with the .jsx or .tsx extension.

[Kernel] UnifiedProvider init failed: Cannot find module &apos;file:///C:/Users/Lin/.qclaw/workspace/hundunos/providers/provider-compat.js&apos; imported from C:/Users/Lin/.qclaw/workspace/hundunos/kernel/mixins/ModuleMixin.js

[Kernel] ComputerUse init failed: Cannot find module &apos;file:///C:/Users/Lin/.qclaw/workspace/hundunos/computer-use/computer-use.js&apos; imported from C:/Users/Lin/.qclaw/workspace/hundunos/kernel/mixins/ModuleMixin.js

[Kernel] SessionCompactor init failed: Cannot find module &apos;file:///C:/Users/Lin/.qclaw/workspace/hundunos/compact/compactor.js&apos; imported from C:/Users/Lin/.qclaw/workspace/hundunos/kernel/mixins/ModuleMixin.js

[ToolBridge] toolsDir &quot;C:\Users\Lin\.qclaw\workspace\hundunos\scripts\tools&quot; not in whitelist — falling back to first allowed base dir
[ToolBridge] Tools directory not found: C:\Users\Lin\.qclaw\workspace\hundunos\tests\scripts\tools

[Kernel] Security init failed: HUNDUNOS_ENCRYPTION_KEY is required for API key encryption

[Kernel] RedisPool init failed: Parse failure: Parse failed with 1 error:
Expected `,` or `}` but found `=&gt;`
17:       db: config.db || 0,
18:       maxRetriesPerRequest: config.maxRetriesPerRequest || 3,
19:       retryStrategy: config.retryStrategy || (times) =&gt; Math.min(times * 50, 2000),
                                                         ^
20:       enableReadyCheck: true,
21:     };
11: export class RedisPoolManager {
12:   constructor(config = {}) {
13:     this.config = {
                      ^
14:       host: config.host || &apos;localhost&apos;,
15:       port: config.port || 6379,
At file: /kernel/pool.js:19:53

[Kernel] PostgresPool init failed: Parse failure: Parse failed with 1 error:
Expected `,` or `}` but found `=&gt;`
17:       db: config.db || 0,
18:       maxRetriesPerRequest: config.maxRetriesPerRequest || 3,
19:       retryStrategy: config.retryStrategy || (times) =&gt; Math.min(times * 50, 2000),
                                                         ^
20:       enableReadyCheck: true,
21:     };
11: export class RedisPoolManager {
12:   constructor(config = {}) {
13:     this.config = {
                      ^
14:       host: config.host || &apos;localhost&apos;,
15:       port: config.port || 6379,
At file: /kernel/pool.js:19:53

            </system-err>
            <failure message="Test timed out in 60000ms.
If this is a long-running test, pass a timeout value as the last argument or configure it globally with &quot;testTimeout&quot;." type="Error">
Error: Test timed out in 60000ms.
If this is a long-running test, pass a timeout value as the last argument or configure it globally with &quot;testTimeout&quot;.
 ❯ tests/unit.test.js:693:7
            </failure>
        </testcase>
        <testcase classname="tests/unit.test.js" name="CoreKernel Negative Cases &gt; 会话数超过 200 时应触发 LRU 驱逐" time="60.2176545">
            <system-err>
[Kernel] System config not found: C:\Users\Lin\.qclaw\workspace\hundunos\tests\config\system.json
[Kernel] System config not found: C:\Users\Lin\.qclaw\workspace\hundunos\tests\config\system.test.json

2026-04-14T07:42:05.698Z [33m[WARN][0m [HundunOS:Storage] SECURITY WARNING: HUNDUNOS_ENCRYPTION_KEY not set. Encryption is DISABLED for this session. Set the env var before production use.

[ELKStack] Connection failed: connect ECONNREFUSED ::1:9200

[Kernel] ELKStack init failed: connect ECONNREFUSED ::1:9200

2026-04-14T07:43:04.782Z [33m[WARN][0m [HundunOS:Storage] put error: &quot;[Storage] Encryption required for key &apos;health_test&apos; but HUNDUNOS_ENCRYPTION_KEY is not set. Refusing to write unencrypted sensitive data.&quot;

[Kernel] Env issues: Python 运行时, Ollama 本地推理, OpenClaw CLI, 存储层可用, 内存充足

2026-04-14T07:43:05.518Z [31m[ERROR][0m [HundunOS:RestServer] Server error: &quot;listen EADDRINUSE: address already in use 0.0.0.0:38080&quot;

2026-04-14T07:43:05.557Z [33m[WARN][0m [HundunOS:Storage] put error: &quot;[Storage] Encryption required for key &apos;memory:recent&apos; but HUNDUNOS_ENCRYPTION_KEY is not set. Refusing to write unencrypted sensitive data.&quot;

[MemoryGraph] Persist failed: [Storage] Encryption required for key &apos;memory:recent&apos; but HUNDUNOS_ENCRYPTION_KEY is not set. Refusing to write unencrypted sensitive data.

            </system-err>
            <failure message="Test timed out in 60000ms.
If this is a long-running test, pass a timeout value as the last argument or configure it globally with &quot;testTimeout&quot;." type="Error">
Error: Test timed out in 60000ms.
If this is a long-running test, pass a timeout value as the last argument or configure it globally with &quot;testTimeout&quot;.
 ❯ tests/unit.test.js:729:7
            </failure>
        </testcase>
        <testcase classname="tests/unit.test.js" name="CoreKernel Negative Cases &gt; 路径穿越攻击应被阻止" time="21.3078365">
            <system-err>
[Kernel] System config not found: C:\Users\Lin\.qclaw\workspace\hundunos\tests\config\system.json
[Kernel] System config not found: C:\Users\Lin\.qclaw\workspace\hundunos\tests\config\system.test.json

2026-04-14T07:43:05.904Z [33m[WARN][0m [HundunOS:Storage] SECURITY WARNING: HUNDUNOS_ENCRYPTION_KEY not set. Encryption is DISABLED for this session. Set the env var before production use.

2026-04-14T07:43:05.920Z [33m[WARN][0m [HundunOS:ModelRouter] Provider openai registration failed: &quot;Parse failure: Parse failed with 1 error:\nIdentifier expected. &apos;export&apos; is a reserved word that cannot be used here.\n73: // 注册为可用模型\r\n74: export const // Built-in model registry\r\n75: export const MODELS = {\r\n    ^\n76:     // GPT-4o Series\r\n77:     &apos;gpt-4o&apos;:                  { name: &apos;GPT-4o&apos;,                  context: 128000, costPer1M: 2.50,  capabilities: [&apos;...\nAt file: /kernel/model-router/providers/openai.js:75:0&quot;

2026-04-14T07:43:05.926Z [33m[WARN][0m [HundunOS:ModelRouter] Provider anthropic registration failed: &quot;Parse failure: Parse failed with 1 error:\nIdentifier expected. &apos;export&apos; is a reserved word that cannot be used here.\n85: // 注册为可用模型\n86: export const // Built-in model registry\n87: export const MODELS = {\n    ^\n88:     // Claude 4 Series (Latest)\n89:     &apos;claude-opus-4-20250514&apos;:          { name: &apos;Claude Opus 4&apos;,          context: 200000, costPer1M: 15.00, capabilit...\nAt file: /kernel/model-router/providers/anthropic.js:87:0&quot;

2026-04-14T07:43:05.927Z [33m[WARN][0m [HundunOS:ModelRouter] Provider mistral registration failed: &quot;MistralProvider is not a constructor&quot;

2026-04-14T07:43:05.930Z [33m[WARN][0m [HundunOS:Storage] put error: &quot;[Storage] Encryption required for key &apos;__health_check__&apos; but HUNDUNOS_ENCRYPTION_KEY is not set. Refusing to write unencrypted sensitive data.&quot;

[ClientAdapterManager] Failed to connect qclaw: QClaw Gateway 未运行或无法访问

[RustModules] ⚠️  Initialized (process) — Rust unavailable, using JS fallback

[Kernel] RustModules: ✗ daemon unavailable — using JS fallback

[TaskScientist] ⚠️  Rust BFTS engine unavailable — using JS fallback

[Kernel] Skill system init failed: Cannot find module &apos;file:///C:/Users/Lin/.qclaw/workspace/hundunos/skills/skill-registry.js&apos; imported from C:/Users/Lin/.qclaw/workspace/hundunos/kernel/mixins/ModuleMixin.js

[Kernel] ProactiveManager init failed: Cannot find module &apos;file:///C:/Users/Lin/.qclaw/workspace/hundunos/proactive/proactive.js&apos; imported from C:/Users/Lin/.qclaw/workspace/hundunos/kernel/mixins/ModuleMixin.js

[Kernel] AgentTeams init failed: Cannot find module &apos;file:///C:/Users/Lin/.qclaw/workspace/hundunos/agent-teams/manager.js&apos; imported from C:/Users/Lin/.qclaw/workspace/hundunos/kernel/mixins/ModuleMixin.js

[Kernel] DebateTeamManager init failed: Failed to parse source for import analysis because the content contains invalid JS syntax. If you are using JSX, make sure to name the file with the .jsx or .tsx extension.

[Kernel] UnifiedProvider init failed: Cannot find module &apos;file:///C:/Users/Lin/.qclaw/workspace/hundunos/providers/provider-compat.js&apos; imported from C:/Users/Lin/.qclaw/workspace/hundunos/kernel/mixins/ModuleMixin.js

[Kernel] ComputerUse init failed: Cannot find module &apos;file:///C:/Users/Lin/.qclaw/workspace/hundunos/computer-use/computer-use.js&apos; imported from C:/Users/Lin/.qclaw/workspace/hundunos/kernel/mixins/ModuleMixin.js

[Kernel] SessionCompactor init failed: Cannot find module &apos;file:///C:/Users/Lin/.qclaw/workspace/hundunos/compact/compactor.js&apos; imported from C:/Users/Lin/.qclaw/workspace/hundunos/kernel/mixins/ModuleMixin.js

[ToolBridge] toolsDir &quot;C:\Users\Lin\.qclaw\workspace\hundunos\scripts\tools&quot; not in whitelist — falling back to first allowed base dir
[ToolBridge] Tools directory not found: C:\Users\Lin\.qclaw\workspace\hundunos\tests\scripts\tools

[Kernel] Monitoring init failed: A metric with the name hundunos_tool_executions_total has already been registered.

[Kernel] Security init failed: HUNDUNOS_ENCRYPTION_KEY is required for API key encryption

[Kernel] RedisPool init failed: Parse failure: Parse failed with 1 error:
Expected `,` or `}` but found `=&gt;`
17:       db: config.db || 0,
18:       maxRetriesPerRequest: config.maxRetriesPerRequest || 3,
19:       retryStrategy: config.retryStrategy || (times) =&gt; Math.min(times * 50, 2000),
                                                         ^
20:       enableReadyCheck: true,
21:     };
11: export class RedisPoolManager {
12:   constructor(config = {}) {
13:     this.config = {
                      ^
14:       host: config.host || &apos;localhost&apos;,
15:       port: config.port || 6379,
At file: /kernel/pool.js:19:53

[Kernel] PostgresPool init failed: Parse failure: Parse failed with 1 error:
Expected `,` or `}` but found `=&gt;`
17:       db: config.db || 0,
18:       maxRetriesPerRequest: config.maxRetriesPerRequest || 3,
19:       retryStrategy: config.retryStrategy || (times) =&gt; Math.min(times * 50, 2000),
                                                         ^
20:       enableReadyCheck: true,
21:     };
11: export class RedisPoolManager {
12:   constructor(config = {}) {
13:     this.config = {
                      ^
14:       host: config.host || &apos;localhost&apos;,
15:       port: config.port || 6379,
At file: /kernel/pool.js:19:53

[ELKStack] Connection failed: connect ECONNREFUSED ::1:9200

[Kernel] ELKStack init failed: connect ECONNREFUSED ::1:9200

2026-04-14T07:43:16.729Z [31m[ERROR][0m [HundunOS:RestServer] Server error: &quot;listen EADDRINUSE: address already in use 0.0.0.0:38080&quot;

2026-04-14T07:43:16.743Z [33m[WARN][0m [HundunOS:ModelRouter] Provider ollama_local failed: fetch failed

2026-04-14T07:43:16.744Z [33m[WARN][0m [HundunOS:ModelRouter] Provider client_adapter failed: No client adapter available. Please connect to a platform first.

2026-04-14T07:43:16.744Z [33m[WARN][0m [HundunOS:Storage] put error: &quot;[Storage] Encryption required for key &apos;memory:recent&apos; but HUNDUNOS_ENCRYPTION_KEY is not set. Refusing to write unencrypted sensitive data.&quot;

[MemoryGraph] Persist failed: [Storage] Encryption required for key &apos;memory:recent&apos; but HUNDUNOS_ENCRYPTION_KEY is not set. Refusing to write unencrypted sensitive data.

2026-04-14T07:43:16.752Z [33m[WARN][0m [HundunOS:ModelRouter] Provider ollama_local failed: fetch failed

2026-04-14T07:43:16.753Z [33m[WARN][0m [HundunOS:ModelRouter] Provider client_adapter failed: No client adapter available. Please connect to a platform first.

2026-04-14T07:43:16.753Z [33m[WARN][0m [HundunOS:Storage] put error: &quot;[Storage] Encryption required for key &apos;memory:recent&apos; but HUNDUNOS_ENCRYPTION_KEY is not set. Refusing to write unencrypted sensitive data.&quot;

[MemoryGraph] Persist failed: [Storage] Encryption required for key &apos;memory:recent&apos; but HUNDUNOS_ENCRYPTION_KEY is not set. Refusing to write unencrypted sensitive data.

2026-04-14T07:43:16.757Z [33m[WARN][0m [HundunOS:ModelRouter] Provider ollama_local failed: fetch failed

2026-04-14T07:43:16.757Z [33m[WARN][0m [HundunOS:ModelRouter] Provider client_adapter failed: No client adapter available. Please connect to a platform first.

2026-04-14T07:43:16.758Z [33m[WARN][0m [HundunOS:Storage] put error: &quot;[Storage] Encryption required for key &apos;memory:recent&apos; but HUNDUNOS_ENCRYPTION_KEY is not set. Refusing to write unencrypted sensitive data.&quot;

[MemoryGraph] Persist failed: [Storage] Encryption required for key &apos;memory:recent&apos; but HUNDUNOS_ENCRYPTION_KEY is not set. Refusing to write unencrypted sensitive data.

2026-04-14T07:43:16.764Z [33m[WARN][0m [HundunOS:ModelRouter] Provider ollama_local failed: fetch failed

2026-04-14T07:43:16.764Z [33m[WARN][0m [HundunOS:ModelRouter] Provider client_adapter failed: No client adapter available. Please connect to a platform first.

2026-04-14T07:43:16.765Z [33m[WARN][0m [HundunOS:Storage] put error: &quot;[Storage] Encryption required for key &apos;memory:recent&apos; but HUNDUNOS_ENCRYPTION_KEY is not set. Refusing to write unencrypted sensitive data.&quot;

[MemoryGraph] Persist failed: [Storage] Encryption required for key &apos;memory:recent&apos; but HUNDUNOS_ENCRYPTION_KEY is not set. Refusing to write unencrypted sensitive data.

2026-04-14T07:43:16.767Z [33m[WARN][0m [HundunOS:ModelRouter] Provider ollama_local failed: fetch failed

2026-04-14T07:43:16.767Z [33m[WARN][0m [HundunOS:ModelRouter] Provider client_adapter failed: No client adapter available. Please connect to a platform first.

2026-04-14T07:43:16.768Z [33m[WARN][0m [HundunOS:Storage] put error: &quot;[Storage] Encryption required for key &apos;memory:recent&apos; but HUNDUNOS_ENCRYPTION_KEY is not set. Refusing to write unencrypted sensitive data.&quot;

[MemoryGraph] Persist failed: [Storage] Encryption required for key &apos;memory:recent&apos; but HUNDUNOS_ENCRYPTION_KEY is not set. Refusing to write unencrypted sensitive data.

2026-04-14T07:43:16.769Z [33m[WARN][0m [HundunOS:Storage] put error: &quot;[Storage] Encryption required for key &apos;memory:recent&apos; but HUNDUNOS_ENCRYPTION_KEY is not set. Refusing to write unencrypted sensitive data.&quot;

[MemoryGraph] Persist failed: [Storage] Encryption required for key &apos;memory:recent&apos; but HUNDUNOS_ENCRYPTION_KEY is not set. Refusing to write unencrypted sensitive data.

2026-04-14T07:43:16.769Z [33m[WARN][0m [HundunOS:Storage] put error: &quot;[Storage] Encryption required for key &apos;memory:recent&apos; but HUNDUNOS_ENCRYPTION_KEY is not set. Refusing to write unencrypted sensitive data.&quot;

[MemoryGraph] Persist failed: [Storage] Encryption required for key &apos;memory:recent&apos; but HUNDUNOS_ENCRYPTION_KEY is not set. Refusing to write unencrypted sensitive data.

2026-04-14T07:43:16.770Z [33m[WARN][0m [HundunOS:Storage] put error: &quot;[Storage] Encryption required for key &apos;memory:recent&apos; but HUNDUNOS_ENCRYPTION_KEY is not set. Refusing to write unencrypted sensitive data.&quot;

[MemoryGraph] Persist failed: [Storage] Encryption required for key &apos;memory:recent&apos; but HUNDUNOS_ENCRYPTION_KEY is not set. Refusing to write unencrypted sensitive data.

2026-04-14T07:43:16.771Z [33m[WARN][0m [HundunOS:Storage] put error: &quot;[Storage] Encryption required for key &apos;memory:recent&apos; but HUNDUNOS_ENCRYPTION_KEY is not set. Refusing to write unencrypted sensitive data.&quot;

[MemoryGraph] Persist failed: [Storage] Encryption required for key &apos;memory:recent&apos; but HUNDUNOS_ENCRYPTION_KEY is not set. Refusing to write unencrypted sensitive data.

2026-04-14T07:43:16.772Z [33m[WARN][0m [HundunOS:Storage] put error: &quot;[Storage] Encryption required for key &apos;memory:recent&apos; but HUNDUNOS_ENCRYPTION_KEY is not set. Refusing to write unencrypted sensitive data.&quot;

[MemoryGraph] Persist failed: [Storage] Encryption required for key &apos;memory:recent&apos; but HUNDUNOS_ENCRYPTION_KEY is not set. Refusing to write unencrypted sensitive data.

2026-04-14T07:43:16.783Z [33m[WARN][0m [HundunOS:Storage] put error: &quot;[Storage] Encryption required for key &apos;memory:recent&apos; but HUNDUNOS_ENCRYPTION_KEY is not set. Refusing to write unencrypted sensitive data.&quot;

[MemoryGraph] Persist failed: [Storage] Encryption required for key &apos;memory:recent&apos; but HUNDUNOS_ENCRYPTION_KEY is not set. Refusing to write unencrypted sensitive data.

2026-04-14T07:43:16.784Z [33m[WARN][0m [HundunOS:Storage] put error: &quot;[Storage] Encryption required for key &apos;memory:recent&apos; but HUNDUNOS_ENCRYPTION_KEY is not set. Refusing to write unencrypted sensitive data.&quot;

[MemoryGraph] Persist failed: [Storage] Encryption required for key &apos;memory:recent&apos; but HUNDUNOS_ENCRYPTION_KEY is not set. Refusing to write unencrypted sensitive data.

2026-04-14T07:43:16.791Z [33m[WARN][0m [HundunOS:Storage] put error: &quot;[Storage] Encryption required for key &apos;memory:recent&apos; but HUNDUNOS_ENCRYPTION_KEY is not set. Refusing to write unencrypted sensitive data.&quot;

[MemoryGraph] Persist failed: [Storage] Encryption required for key &apos;memory:recent&apos; but HUNDUNOS_ENCRYPTION_KEY is not set. Refusing to write unencrypted sensitive data.

2026-04-14T07:43:16.793Z [33m[WARN][0m [HundunOS:Storage] put error: &quot;[Storage] Encryption required for key &apos;memory:recent&apos; but HUNDUNOS_ENCRYPTION_KEY is not set. Refusing to write unencrypted sensitive data.&quot;

[MemoryGraph] Persist failed: [Storage] Encryption required for key &apos;memory:recent&apos; but HUNDUNOS_ENCRYPTION_KEY is not set. Refusing to write unencrypted sensitive data.

2026-04-14T07:43:16.793Z [33m[WARN][0m [HundunOS:Storage] put error: &quot;[Storage] Encryption required for key &apos;memory:recent&apos; but HUNDUNOS_ENCRYPTION_KEY is not set. Refusing to write unencrypted sensitive data.&quot;

[MemoryGraph] Persist failed: [Storage] Encryption required for key &apos;memory:recent&apos; but HUNDUNOS_ENCRYPTION_KEY is not set. Refusing to write unencrypted sensitive data.

2026-04-14T07:43:16.795Z [33m[WARN][0m [HundunOS:Storage] put error: &quot;[Storage] Encryption required for key &apos;memory:recent&apos; but HUNDUNOS_ENCRYPTION_KEY is not set. Refusing to write unencrypted sensitive data.&quot;

[MemoryGraph] Persist failed: [Storage] Encryption required for key &apos;memory:recent&apos; but HUNDUNOS_ENCRYPTION_KEY is not set. Refusing to write unencrypted sensitive data.

2026-04-14T07:43:16.795Z [33m[WARN][0m [HundunOS:Storage] put error: &quot;[Storage] Encryption required for key &apos;memory:recent&apos; but HUNDUNOS_ENCRYPTION_KEY is not set. Refusing to write unencrypted sensitive data.&quot;

[MemoryGraph] Persist failed: [Storage] Encryption required for key &apos;memory:recent&apos; but HUNDUNOS_ENCRYPTION_KEY is not set. Refusing to write unencrypted sensitive data.

2026-04-14T07:43:16.796Z [33m[WARN][0m [HundunOS:Storage] put error: &quot;[Storage] Encryption required for key &apos;memory:recent&apos; but HUNDUNOS_ENCRYPTION_KEY is not set. Refusing to write unencrypted sensitive data.&quot;

[MemoryGraph] Persist failed: [Storage] Encryption required for key &apos;memory:recent&apos; but HUNDUNOS_ENCRYPTION_KEY is not set. Refusing to write unencrypted sensitive data.

2026-04-14T07:43:16.797Z [33m[WARN][0m [HundunOS:Storage] put error: &quot;[Storage] Encryption required for key &apos;memory:recent&apos; but HUNDUNOS_ENCRYPTION_KEY is not set. Refusing to write unencrypted sensitive data.&quot;

[MemoryGraph] Persist failed: [Storage] Encryption required for key &apos;memory:recent&apos; but HUNDUNOS_ENCRYPTION_KEY is not set. Refusing to write unencrypted sensitive data.

2026-04-14T07:43:16.797Z [33m[WARN][0m [HundunOS:Storage] put error: &quot;[Storage] Encryption required for key &apos;memory:recent&apos; but HUNDUNOS_ENCRYPTION_KEY is not set. Refusing to write unencrypted sensitive data.&quot;

[MemoryGraph] Persist failed: [Storage] Encryption required for key &apos;memory:recent&apos; but HUNDUNOS_ENCRYPTION_KEY is not set. Refusing to write unencrypted sensitive data.

2026-04-14T07:43:16.807Z [33m[WARN][0m [HundunOS:Storage] put error: &quot;[Storage] Encryption required for key &apos;memory:recent&apos; but HUNDUNOS_ENCRYPTION_KEY is not set. Refusing to write unencrypted sensitive data.&quot;

[MemoryGraph] Persist failed: [Storage] Encryption required for key &apos;memory:recent&apos; but HUNDUNOS_ENCRYPTION_KEY is not set. Refusing to write unencrypted sensitive data.

2026-04-14T07:43:16.808Z [33m[WARN][0m [HundunOS:Storage] put error: &quot;[Storage] Encryption required for key &apos;memory:recent&apos; but HUNDUNOS_ENCRYPTION_KEY is not set. Refusing to write unencrypted sensitive data.&quot;

[MemoryGraph] Persist failed: [Storage] Encryption required for key &apos;memory:recent&apos; but HUNDUNOS_ENCRYPTION_KEY is not set. Refusing to write unencrypted sensitive data.

2026-04-14T07:43:16.810Z [33m[WARN][0m [HundunOS:Storage] put error: &quot;[Storage] Encryption required for key &apos;memory:recent&apos; but HUNDUNOS_ENCRYPTION_KEY is not set. Refusing to write unencrypted sensitive data.&quot;

[MemoryGraph] Persist failed: [Storage] Encryption required for key &apos;memory:recent&apos; but HUNDUNOS_ENCRYPTION_KEY is not set. Refusing to write unencrypted sensitive data.

2026-04-14T07:43:16.811Z [33m[WARN][0m [HundunOS:Storage] put error: &quot;[Storage] Encryption required for key &apos;memory:recent&apos; but HUNDUNOS_ENCRYPTION_KEY is not set. Refusing to write unencrypted sensitive data.&quot;

[MemoryGraph] Persist failed: [Storage] Encryption required for key &apos;memory:recent&apos; but HUNDUNOS_ENCRYPTION_KEY is not set. Refusing to write unencrypted sensitive data.

2026-04-14T07:43:16.812Z [33m[WARN][0m [HundunOS:Storage] put error: &quot;[Storage] Encryption required for key &apos;memory:recent&apos; but HUNDUNOS_ENCRYPTION_KEY is not set. Refusing to write unencrypted sensitive data.&quot;

[MemoryGraph] Persist failed: [Storage] Encryption required for key &apos;memory:recent&apos; but HUNDUNOS_ENCRYPTION_KEY is not set. Refusing to write unencrypted sensitive data.

2026-04-14T07:43:16.814Z [33m[WARN][0m [HundunOS:Storage] put error: &quot;[Storage] Encryption required for key &apos;memory:recent&apos; but HUNDUNOS_ENCRYPTION_KEY is not set. Refusing to write unencrypted sensitive data.&quot;

[MemoryGraph] Persist failed: [Storage] Encryption required for key &apos;memory:recent&apos; but HUNDUNOS_ENCRYPTION_KEY is not set. Refusing to write unencrypted sensitive data.

2026-04-14T07:43:16.815Z [33m[WARN][0m [HundunOS:Storage] put error: &quot;[Storage] Encryption required for key &apos;memory:recent&apos; but HUNDUNOS_ENCRYPTION_KEY is not set. Refusing to write unencrypted sensitive data.&quot;

[MemoryGraph] Persist failed: [Storage] Encryption required for key &apos;memory:recent&apos; but HUNDUNOS_ENCRYPTION_KEY is not set. Refusing to write unencrypted sensitive data.

2026-04-14T07:43:16.816Z [33m[WARN][0m [HundunOS:Storage] put error: &quot;[Storage] Encryption required for key &apos;memory:recent&apos; but HUNDUNOS_ENCRYPTION_KEY is not set. Refusing to write unencrypted sensitive data.&quot;

[MemoryGraph] Persist failed: [Storage] Encryption required for key &apos;memory:recent&apos; but HUNDUNOS_ENCRYPTION_KEY is not set. Refusing to write unencrypted sensitive data.

2026-04-14T07:43:16.817Z [33m[WARN][0m [HundunOS:Storage] put error: &quot;[Storage] Encryption required for key &apos;memory:recent&apos; but HUNDUNOS_ENCRYPTION_KEY is not set. Refusing to write unencrypted sensitive data.&quot;

[MemoryGraph] Persist failed: [Storage] Encryption required for key &apos;memory:recent&apos; but HUNDUNOS_ENCRYPTION_KEY is not set. Refusing to write unencrypted sensitive data.

2026-04-14T07:43:16.818Z [33m[WARN][0m [HundunOS:Storage] put error: &quot;[Storage] Encryption required for key &apos;memory:recent&apos; but HUNDUNOS_ENCRYPTION_KEY is not set. Refusing to write unencrypted sensitive data.&quot;

[MemoryGraph] Persist failed: [Storage] Encryption required for key &apos;memory:recent&apos; but HUNDUNOS_ENCRYPTION_KEY is not set. Refusing to write unencrypted sensitive data.

2026-04-14T07:43:16.829Z [33m[WARN][0m [HundunOS:Storage] put error: &quot;[Storage] Encryption required for key &apos;memory:recent&apos; but HUNDUNOS_ENCRYPTION_KEY is not set. Refusing to write unencrypted sensitive data.&quot;

[MemoryGraph] Persist failed: [Storage] Encryption required for key &apos;memory:recent&apos; but HUNDUNOS_ENCRYPTION_KEY is not set. Refusing to write unencrypted sensitive data.

2026-04-14T07:43:16.830Z [33m[WARN][0m [HundunOS:Storage] put error: &quot;[Storage] Encryption required for key &apos;memory:recent&apos; but HUNDUNOS_ENCRYPTION_KEY is not set. Refusing to write unencrypted sensitive data.&quot;

[MemoryGraph] Persist failed: [Storage] Encryption required for key &apos;memory:recent&apos; but HUNDUNOS_ENCRYPTION_KEY is not set. Refusing to write unencrypted sensitive data.

2026-04-14T07:43:16.831Z [33m[WARN][0m [HundunOS:Storage] put error: &quot;[Storage] Encryption required for key &apos;memory:recent&apos; but HUNDUNOS_ENCRYPTION_KEY is not set. Refusing to write unencrypted sensitive data.&quot;

[MemoryGraph] Persist failed: [Storage] Encryption required for key &apos;memory:recent&apos; but HUNDUNOS_ENCRYPTION_KEY is not set. Refusing to write unencrypted sensitive data.

2026-04-14T07:43:16.832Z [33m[WARN][0m [HundunOS:Storage] put error: &quot;[Storage] Encryption required for key &apos;memory:recent&apos; but HUNDUNOS_ENCRYPTION_KEY is not set. Refusing to write unencrypted sensitive data.&quot;

[MemoryGraph] Persist failed: [Storage] Encryption required for key &apos;memory:recent&apos; but HUNDUNOS_ENCRYPTION_KEY is not set. Refusing to write unencrypted sensitive data.

2026-04-14T07:43:16.833Z [33m[WARN][0m [HundunOS:Storage] put error: &quot;[Storage] Encryption required for key &apos;memory:recent&apos; but HUNDUNOS_ENCRYPTION_KEY is not set. Refusing to write unencrypted sensitive data.&quot;

[MemoryGraph] Persist failed: [Storage] Encryption required for key &apos;memory:recent&apos; but HUNDUNOS_ENCRYPTION_KEY is not set. Refusing to write unencrypted sensitive data.

2026-04-14T07:43:16.833Z [33m[WARN][0m [HundunOS:Storage] put error: &quot;[Storage] Encryption required for key &apos;memory:recent&apos; but HUNDUNOS_ENCRYPTION_KEY is not set. Refusing to write unencrypted sensitive data.&quot;

[MemoryGraph] Persist failed: [Storage] Encryption required for key &apos;memory:recent&apos; but HUNDUNOS_ENCRYPTION_KEY is not set. Refusing to write unencrypted sensitive data.

2026-04-14T07:43:16.834Z [33m[WARN][0m [HundunOS:Storage] put error: &quot;[Storage] Encryption required for key &apos;memory:recent&apos; but HUNDUNOS_ENCRYPTION_KEY is not set. Refusing to write unencrypted sensitive data.&quot;

[MemoryGraph] Persist failed: [Storage] Encryption required for key &apos;memory:recent&apos; but HUNDUNOS_ENCRYPTION_KEY is not set. Refusing to write unencrypted sensitive data.

2026-04-14T07:43:16.835Z [33m[WARN][0m [HundunOS:Storage] put error: &quot;[Storage] Encryption required for key &apos;memory:recent&apos; but HUNDUNOS_ENCRYPTION_KEY is not set. Refusing to write unencrypted sensitive data.&quot;

[MemoryGraph] Persist failed: [Storage] Encryption required for key &apos;memory:recent&apos; but HUNDUNOS_ENCRYPTION_KEY is not set. Refusing to write unencrypted sensitive data.

2026-04-14T07:43:16.835Z [33m[WARN][0m [HundunOS:Storage] put error: &quot;[Storage] Encryption required for key &apos;memory:recent&apos; but HUNDUNOS_ENCRYPTION_KEY is not set. Refusing to write unencrypted sensitive data.&quot;

[MemoryGraph] Persist failed: [Storage] Encryption required for key &apos;memory:recent&apos; but HUNDUNOS_ENCRYPTION_KEY is not set. Refusing to write unencrypted sensitive data.

2026-04-14T07:43:16.836Z [33m[WARN][0m [HundunOS:Storage] put error: &quot;[Storage] Encryption required for key &apos;memory:recent&apos; but HUNDUNOS_ENCRYPTION_KEY is not set. Refusing to write unencrypted sensitive data.&quot;

[MemoryGraph] Persist failed: [Storage] Encryption required for key &apos;memory:recent&apos; but HUNDUNOS_ENCRYPTION_KEY is not set. Refusing to write unencrypted sensitive data.

2026-04-14T07:43:16.844Z [33m[WARN][0m [HundunOS:Storage] put error: &quot;[Storage] Encryption required for key &apos;memory:recent&apos; but HUNDUNOS_ENCRYPTION_KEY is not set. Refusing to write unencrypted sensitive data.&quot;

[MemoryGraph] Persist failed: [Storage] Encryption required for key &apos;memory:recent&apos; but HUNDUNOS_ENCRYPTION_KEY is not set. Refusing to write unencrypted sensitive data.

2026-04-14T07:43:16.845Z [33m[WARN][0m [HundunOS:Storage] put error: &quot;[Storage] Encryption required for key &apos;memory:recent&apos; but HUNDUNOS_ENCRYPTION_KEY is not set. Refusing to write unencrypted sensitive data.&quot;

[MemoryGraph] Persist failed: [Storage] Encryption required for key &apos;memory:recent&apos; but HUNDUNOS_ENCRYPTION_KEY is not set. Refusing to write unencrypted sensitive data.

2026-04-14T07:43:16.845Z [33m[WARN][0m [HundunOS:Storage] put error: &quot;[Storage] Encryption required for key &apos;memory:recent&apos; but HUNDUNOS_ENCRYPTION_KEY is not set. Refusing to write unencrypted sensitive data.&quot;

[MemoryGraph] Persist failed: [Storage] Encryption required for key &apos;memory:recent&apos; but HUNDUNOS_ENCRYPTION_KEY is not set. Refusing to write unencrypted sensitive data.

2026-04-14T07:43:16.846Z [33m[WARN][0m [HundunOS:Storage] put error: &quot;[Storage] Encryption required for key &apos;memory:recent&apos; but HUNDUNOS_ENCRYPTION_KEY is not set. Refusing to write unencrypted sensitive data.&quot;

[MemoryGraph] Persist failed: [Storage] Encryption required for key &apos;memory:recent&apos; but HUNDUNOS_ENCRYPTION_KEY is not set. Refusing to write unencrypted sensitive data.

2026-04-14T07:43:16.847Z [33m[WARN][0m [HundunOS:Storage] put error: &quot;[Storage] Encryption required for key &apos;memory:recent&apos; but HUNDUNOS_ENCRYPTION_KEY is not set. Refusing to write unencrypted sensitive data.&quot;

[MemoryGraph] Persist failed: [Storage] Encryption required for key &apos;memory:recent&apos; but HUNDUNOS_ENCRYPTION_KEY is not set. Refusing to write unencrypted sensitive data.

2026-04-14T07:43:16.847Z [33m[WARN][0m [HundunOS:Storage] put error: &quot;[Storage] Encryption required for key &apos;memory:recent&apos; but HUNDUNOS_ENCRYPTION_KEY is not set. Refusing to write unencrypted sensitive data.&quot;

[MemoryGraph] Persist failed: [Storage] Encryption required for key &apos;memory:recent&apos; but HUNDUNOS_ENCRYPTION_KEY is not set. Refusing to write unencrypted sensitive data.

2026-04-14T07:43:16.848Z [33m[WARN][0m [HundunOS:Storage] put error: &quot;[Storage] Encryption required for key &apos;memory:recent&apos; but HUNDUNOS_ENCRYPTION_KEY is not set. Refusing to write unencrypted sensitive data.&quot;

[MemoryGraph] Persist failed: [Storage] Encryption required for key &apos;memory:recent&apos; but HUNDUNOS_ENCRYPTION_KEY is not set. Refusing to write unencrypted sensitive data.

2026-04-14T07:43:16.848Z [33m[WARN][0m [HundunOS:Storage] put error: &quot;[Storage] Encryption required for key &apos;memory:recent&apos; but HUNDUNOS_ENCRYPTION_KEY is not set. Refusing to write unencrypted sensitive data.&quot;

[MemoryGraph] Persist failed: [Storage] Encryption required for key &apos;memory:recent&apos; but HUNDUNOS_ENCRYPTION_KEY is not set. Refusing to write unencrypted sensitive data.

2026-04-14T07:43:16.849Z [33m[WARN][0m [HundunOS:Storage] put error: &quot;[Storage] Encryption required for key &apos;memory:recent&apos; but HUNDUNOS_ENCRYPTION_KEY is not set. Refusing to write unencrypted sensitive data.&quot;

[MemoryGraph] Persist failed: [Storage] Encryption required for key &apos;memory:recent&apos; but HUNDUNOS_ENCRYPTION_KEY is not set. Refusing to write unencrypted sensitive data.

2026-04-14T07:43:16.850Z [33m[WARN][0m [HundunOS:Storage] put error: &quot;[Storage] Encryption required for key &apos;memory:recent&apos; but HUNDUNOS_ENCRYPTION_KEY is not set. Refusing to write unencrypted sensitive data.&quot;

[MemoryGraph] Persist failed: [Storage] Encryption required for key &apos;memory:recent&apos; but HUNDUNOS_ENCRYPTION_KEY is not set. Refusing to write unencrypted sensitive data.

2026-04-14T07:43:16.890Z [33m[WARN][0m [HundunOS:Storage] put error: &quot;[Storage] Encryption required for key &apos;memory:recent&apos; but HUNDUNOS_ENCRYPTION_KEY is not set. Refusing to write unencrypted sensitive data.&quot;

[MemoryGraph] Persist failed: [Storage] Encryption required for key &apos;memory:recent&apos; but HUNDUNOS_ENCRYPTION_KEY is not set. Refusing to write unencrypted sensitive data.

2026-04-14T07:43:16.892Z [33m[WARN][0m [HundunOS:Storage] put error: &quot;[Storage] Encryption required for key &apos;memory:recent&apos; but HUNDUNOS_ENCRYPTION_KEY is not set. Refusing to write unencrypted sensitive data.&quot;

[MemoryGraph] Persist failed: [Storage] Encryption required for key &apos;memory:recent&apos; but HUNDUNOS_ENCRYPTION_KEY is not set. Refusing to write unencrypted sensitive data.

2026-04-14T07:43:16.893Z [33m[WARN][0m [HundunOS:Storage] put error: &quot;[Storage] Encryption required for key &apos;memory:recent&apos; but HUNDUNOS_ENCRYPTION_KEY is not set. Refusing to write unencrypted sensitive data.&quot;

[MemoryGraph] Persist failed: [Storage] Encryption required for key &apos;memory:recent&apos; but HUNDUNOS_ENCRYPTION_KEY is not set. Refusing to write unencrypted sensitive data.

2026-04-14T07:43:16.894Z [33m[WARN][0m [HundunOS:Storage] put error: &quot;[Storage] Encryption required for key &apos;memory:recent&apos; but HUNDUNOS_ENCRYPTION_KEY is not set. Refusing to write unencrypted sensitive data.&quot;

[MemoryGraph] Persist failed: [Storage] Encryption required for key &apos;memory:recent&apos; but HUNDUNOS_ENCRYPTION_KEY is not set. Refusing to write unencrypted sensitive data.

2026-04-14T07:43:16.896Z [33m[WARN][0m [HundunOS:Storage] put error: &quot;[Storage] Encryption required for key &apos;memory:recent&apos; but HUNDUNOS_ENCRYPTION_KEY is not set. Refusing to write unencrypted sensitive data.&quot;

[MemoryGraph] Persist failed: [Storage] Encryption required for key &apos;memory:recent&apos; but HUNDUNOS_ENCRYPTION_KEY is not set. Refusing to write unencrypted sensitive data.

2026-04-14T07:43:16.897Z [33m[WARN][0m [HundunOS:Storage] put error: &quot;[Storage] Encryption required for key &apos;memory:recent&apos; but HUNDUNOS_ENCRYPTION_KEY is not set. Refusing to write unencrypted sensitive data.&quot;

[MemoryGraph] Persist failed: [Storage] Encryption required for key &apos;memory:recent&apos; but HUNDUNOS_ENCRYPTION_KEY is not set. Refusing to write unencrypted sensitive data.

2026-04-14T07:43:16.898Z [33m[WARN][0m [HundunOS:Storage] put error: &quot;[Storage] Encryption required for key &apos;memory:recent&apos; but HUNDUNOS_ENCRYPTION_KEY is not set. Refusing to write unencrypted sensitive data.&quot;

[MemoryGraph] Persist failed: [Storage] Encryption required for key &apos;memory:recent&apos; but HUNDUNOS_ENCRYPTION_KEY is not set. Refusing to write unencrypted sensitive data.

2026-04-14T07:43:16.899Z [33m[WARN][0m [HundunOS:Storage] put error: &quot;[Storage] Encryption required for key &apos;memory:recent&apos; but HUNDUNOS_ENCRYPTION_KEY is not set. Refusing to write unencrypted sensitive data.&quot;

[MemoryGraph] Persist failed: [Storage] Encryption required for key &apos;memory:recent&apos; but HUNDUNOS_ENCRYPTION_KEY is not set. Refusing to write unencrypted sensitive data.

2026-04-14T07:43:16.901Z [33m[WARN][0m [HundunOS:Storage] put error: &quot;[Storage] Encryption required for key &apos;memory:recent&apos; but HUNDUNOS_ENCRYPTION_KEY is not set. Refusing to write unencrypted sensitive data.&quot;

[MemoryGraph] Persist failed: [Storage] Encryption required for key &apos;memory:recent&apos; but HUNDUNOS_ENCRYPTION_KEY is not set. Refusing to write unencrypted sensitive data.

2026-04-14T07:43:16.902Z [33m[WARN][0m [HundunOS:Storage] put error: &quot;[Storage] Encryption required for key &apos;memory:recent&apos; but HUNDUNOS_ENCRYPTION_KEY is not set. Refusing to write unencrypted sensitive data.&quot;

[MemoryGraph] Persist failed: [Storage] Encryption required for key &apos;memory:recent&apos; but HUNDUNOS_ENCRYPTION_KEY is not set. Refusing to write unencrypted sensitive data.

2026-04-14T07:43:16.916Z [33m[WARN][0m [HundunOS:Storage] put error: &quot;[Storage] Encryption required for key &apos;memory:recent&apos; but HUNDUNOS_ENCRYPTION_KEY is not set. Refusing to write unencrypted sensitive data.&quot;

[MemoryGraph] Persist failed: [Storage] Encryption required for key &apos;memory:recent&apos; but HUNDUNOS_ENCRYPTION_KEY is not set. Refusing to write unencrypted sensitive data.

2026-04-14T07:43:16.917Z [33m[WARN][0m [HundunOS:Storage] put error: &quot;[Storage] Encryption required for key &apos;memory:recent&apos; but HUNDUNOS_ENCRYPTION_KEY is not set. Refusing to write unencrypted sensitive data.&quot;

[MemoryGraph] Persist failed: [Storage] Encryption required for key &apos;memory:recent&apos; but HUNDUNOS_ENCRYPTION_KEY is not set. Refusing to write unencrypted sensitive data.

2026-04-14T07:43:16.918Z [33m[WARN][0m [HundunOS:Storage] put error: &quot;[Storage] Encryption required for key &apos;memory:recent&apos; but HUNDUNOS_ENCRYPTION_KEY is not set. Refusing to write unencrypted sensitive data.&quot;

[MemoryGraph] Persist failed: [Storage] Encryption required for key &apos;memory:recent&apos; but HUNDUNOS_ENCRYPTION_KEY is not set. Refusing to write unencrypted sensitive data.

2026-04-14T07:43:16.919Z [33m[WARN][0m [HundunOS:Storage] put error: &quot;[Storage] Encryption required for key &apos;memory:recent&apos; but HUNDUNOS_ENCRYPTION_KEY is not set. Refusing to write unencrypted sensitive data.&quot;

[MemoryGraph] Persist failed: [Storage] Encryption required for key &apos;memory:recent&apos; but HUNDUNOS_ENCRYPTION_KEY is not set. Refusing to write unencrypted sensitive data.

2026-04-14T07:43:16.919Z [33m[WARN][0m [HundunOS:Storage] put error: &quot;[Storage] Encryption required for key &apos;memory:recent&apos; but HUNDUNOS_ENCRYPTION_KEY is not set. Refusing to write unencrypted sensitive data.&quot;

[MemoryGraph] Persist failed: [Storage] Encryption required for key &apos;memory:recent&apos; but HUNDUNOS_ENCRYPTION_KEY is not set. Refusing to write unencrypted sensitive data.

2026-04-14T07:43:16.920Z [33m[WARN][0m [HundunOS:Storage] put error: &quot;[Storage] Encryption required for key &apos;memory:recent&apos; but HUNDUNOS_ENCRYPTION_KEY is not set. Refusing to write unencrypted sensitive data.&quot;

[MemoryGraph] Persist failed: [Storage] Encryption required for key &apos;memory:recent&apos; but HUNDUNOS_ENCRYPTION_KEY is not set. Refusing to write unencrypted sensitive data.

2026-04-14T07:43:16.920Z [33m[WARN][0m [HundunOS:Storage] put error: &quot;[Storage] Encryption required for key &apos;memory:recent&apos; but HUNDUNOS_ENCRYPTION_KEY is not set. Refusing to write unencrypted sensitive data.&quot;

[MemoryGraph] Persist failed: [Storage] Encryption required for key &apos;memory:recent&apos; but HUNDUNOS_ENCRYPTION_KEY is not set. Refusing to write unencrypted sensitive data.

2026-04-14T07:43:16.921Z [33m[WARN][0m [HundunOS:Storage] put error: &quot;[Storage] Encryption required for key &apos;memory:recent&apos; but HUNDUNOS_ENCRYPTION_KEY is not set. Refusing to write unencrypted sensitive data.&quot;

[MemoryGraph] Persist failed: [Storage] Encryption required for key &apos;memory:recent&apos; but HUNDUNOS_ENCRYPTION_KEY is not set. Refusing to write unencrypted sensitive data.

2026-04-14T07:43:16.921Z [33m[WARN][0m [HundunOS:Storage] put error: &quot;[Storage] Encryption required for key &apos;memory:recent&apos; but HUNDUNOS_ENCRYPTION_KEY is not set. Refusing to write unencrypted sensitive data.&quot;

[MemoryGraph] Persist failed: [Storage] Encryption required for key &apos;memory:recent&apos; but HUNDUNOS_ENCRYPTION_KEY is not set. Refusing to write unencrypted sensitive data.

2026-04-14T07:43:16.922Z [33m[WARN][0m [HundunOS:Storage] put error: &quot;[Storage] Encryption required for key &apos;memory:recent&apos; but HUNDUNOS_ENCRYPTION_KEY is not set. Refusing to write unencrypted sensitive data.&quot;

[MemoryGraph] Persist failed: [Storage] Encryption required for key &apos;memory:recent&apos; but HUNDUNOS_ENCRYPTION_KEY is not set. Refusing to write unencrypted sensitive data.

2026-04-14T07:43:16.936Z [33m[WARN][0m [HundunOS:Storage] put error: &quot;[Storage] Encryption required for key &apos;memory:recent&apos; but HUNDUNOS_ENCRYPTION_KEY is not set. Refusing to write unencrypted sensitive data.&quot;

[MemoryGraph] Persist failed: [Storage] Encryption required for key &apos;memory:recent&apos; but HUNDUNOS_ENCRYPTION_KEY is not set. Refusing to write unencrypted sensitive data.

2026-04-14T07:43:16.937Z [33m[WARN][0m [HundunOS:Storage] put error: &quot;[Storage] Encryption required for key &apos;memory:recent&apos; but HUNDUNOS_ENCRYPTION_KEY is not set. Refusing to write unencrypted sensitive data.&quot;

[MemoryGraph] Persist failed: [Storage] Encryption required for key &apos;memory:recent&apos; but HUNDUNOS_ENCRYPTION_KEY is not set. Refusing to write unencrypted sensitive data.

2026-04-14T07:43:16.938Z [33m[WARN][0m [HundunOS:Storage] put error: &quot;[Storage] Encryption required for key &apos;memory:recent&apos; but HUNDUNOS_ENCRYPTION_KEY is not set. Refusing to write unencrypted sensitive data.&quot;

[MemoryGraph] Persist failed: [Storage] Encryption required for key &apos;memory:recent&apos; but HUNDUNOS_ENCRYPTION_KEY is not set. Refusing to write unencrypted sensitive data.

2026-04-14T07:43:16.938Z [33m[WARN][0m [HundunOS:Storage] put error: &quot;[Storage] Encryption required for key &apos;memory:recent&apos; but HUNDUNOS_ENCRYPTION_KEY is not set. Refusing to write unencrypted sensitive data.&quot;

[MemoryGraph] Persist failed: [Storage] Encryption required for key &apos;memory:recent&apos; but HUNDUNOS_ENCRYPTION_KEY is not set. Refusing to write unencrypted sensitive data.

2026-04-14T07:43:16.939Z [33m[WARN][0m [HundunOS:Storage] put error: &quot;[Storage] Encryption required for key &apos;memory:recent&apos; but HUNDUNOS_ENCRYPTION_KEY is not set. Refusing to write unencrypted sensitive data.&quot;

[MemoryGraph] Persist failed: [Storage] Encryption required for key &apos;memory:recent&apos; but HUNDUNOS_ENCRYPTION_KEY is not set. Refusing to write unencrypted sensitive data.

2026-04-14T07:43:16.939Z [33m[WARN][0m [HundunOS:Storage] put error: &quot;[Storage] Encryption required for key &apos;memory:recent&apos; but HUNDUNOS_ENCRYPTION_KEY is not set. Refusing to write unencrypted sensitive data.&quot;

[MemoryGraph] Persist failed: [Storage] Encryption required for key &apos;memory:recent&apos; but HUNDUNOS_ENCRYPTION_KEY is not set. Refusing to write unencrypted sensitive data.

2026-04-14T07:43:16.940Z [33m[WARN][0m [HundunOS:Storage] put error: &quot;[Storage] Encryption required for key &apos;memory:recent&apos; but HUNDUNOS_ENCRYPTION_KEY is not set. Refusing to write unencrypted sensitive data.&quot;

[MemoryGraph] Persist failed: [Storage] Encryption required for key &apos;memory:recent&apos; but HUNDUNOS_ENCRYPTION_KEY is not set. Refusing to write unencrypted sensitive data.

2026-04-14T07:43:16.942Z [33m[WARN][0m [HundunOS:Storage] put error: &quot;[Storage] Encryption required for key &apos;memory:recent&apos; but HUNDUNOS_ENCRYPTION_KEY is not set. Refusing to write unencrypted sensitive data.&quot;

[MemoryGraph] Persist failed: [Storage] Encryption required for key &apos;memory:recent&apos; but HUNDUNOS_ENCRYPTION_KEY is not set. Refusing to write unencrypted sensitive data.

2026-04-14T07:43:16.944Z [33m[WARN][0m [HundunOS:Storage] put error: &quot;[Storage] Encryption required for key &apos;memory:recent&apos; but HUNDUNOS_ENCRYPTION_KEY is not set. Refusing to write unencrypted sensitive data.&quot;

[MemoryGraph] Persist failed: [Storage] Encryption required for key &apos;memory:recent&apos; but HUNDUNOS_ENCRYPTION_KEY is not set. Refusing to write unencrypted sensitive data.

2026-04-14T07:43:16.944Z [33m[WARN][0m [HundunOS:Storage] put error: &quot;[Storage] Encryption required for key &apos;memory:recent&apos; but HUNDUNOS_ENCRYPTION_KEY is not set. Refusing to write unencrypted sensitive data.&quot;

[MemoryGraph] Persist failed: [Storage] Encryption required for key &apos;memory:recent&apos; but HUNDUNOS_ENCRYPTION_KEY is not set. Refusing to write unencrypted sensitive data.

2026-04-14T07:43:16.954Z [33m[WARN][0m [HundunOS:Storage] put error: &quot;[Storage] Encryption required for key &apos;memory:recent&apos; but HUNDUNOS_ENCRYPTION_KEY is not set. Refusing to write unencrypted sensitive data.&quot;

[MemoryGraph] Persist failed: [Storage] Encryption required for key &apos;memory:recent&apos; but HUNDUNOS_ENCRYPTION_KEY is not set. Refusing to write unencrypted sensitive data.

2026-04-14T07:43:16.956Z [33m[WARN][0m [HundunOS:Storage] put error: &quot;[Storage] Encryption required for key &apos;memory:recent&apos; but HUNDUNOS_ENCRYPTION_KEY is not set. Refusing to write unencrypted sensitive data.&quot;

[MemoryGraph] Persist failed: [Storage] Encryption required for key &apos;memory:recent&apos; but HUNDUNOS_ENCRYPTION_KEY is not set. Refusing to write unencrypted sensitive data.

2026-04-14T07:43:16.956Z [33m[WARN][0m [HundunOS:Storage] put error: &quot;[Storage] Encryption required for key &apos;memory:recent&apos; but HUNDUNOS_ENCRYPTION_KEY is not set. Refusing to write unencrypted sensitive data.&quot;

[MemoryGraph] Persist failed: [Storage] Encryption required for key &apos;memory:recent&apos; but HUNDUNOS_ENCRYPTION_KEY is not set. Refusing to write unencrypted sensitive data.

2026-04-14T07:43:16.957Z [33m[WARN][0m [HundunOS:Storage] put error: &quot;[Storage] Encryption required for key &apos;memory:recent&apos; but HUNDUNOS_ENCRYPTION_KEY is not set. Refusing to write unencrypted sensitive data.&quot;

[MemoryGraph] Persist failed: [Storage] Encryption required for key &apos;memory:recent&apos; but HUNDUNOS_ENCRYPTION_KEY is not set. Refusing to write unencrypted sensitive data.

2026-04-14T07:43:16.958Z [33m[WARN][0m [HundunOS:Storage] put error: &quot;[Storage] Encryption required for key &apos;memory:recent&apos; but HUNDUNOS_ENCRYPTION_KEY is not set. Refusing to write unencrypted sensitive data.&quot;

[MemoryGraph] Persist failed: [Storage] Encryption required for key &apos;memory:recent&apos; but HUNDUNOS_ENCRYPTION_KEY is not set. Refusing to write unencrypted sensitive data.

2026-04-14T07:43:16.959Z [33m[WARN][0m [HundunOS:Storage] put error: &quot;[Storage] Encryption required for key &apos;memory:recent&apos; but HUNDUNOS_ENCRYPTION_KEY is not set. Refusing to write unencrypted sensitive data.&quot;

[MemoryGraph] Persist failed: [Storage] Encryption required for key &apos;memory:recent&apos; but HUNDUNOS_ENCRYPTION_KEY is not set. Refusing to write unencrypted sensitive data.

2026-04-14T07:43:16.976Z [33m[WARN][0m [HundunOS:Storage] put error: &quot;[Storage] Encryption required for key &apos;memory:recent&apos; but HUNDUNOS_ENCRYPTION_KEY is not set. Refusing to write unencrypted sensitive data.&quot;

[MemoryGraph] Persist failed: [Storage] Encryption required for key &apos;memory:recent&apos; but HUNDUNOS_ENCRYPTION_KEY is not set. Refusing to write unencrypted sensitive data.

2026-04-14T07:43:16.978Z [33m[WARN][0m [HundunOS:Storage] put error: &quot;[Storage] Encryption required for key &apos;memory:recent&apos; but HUNDUNOS_ENCRYPTION_KEY is not set. Refusing to write unencrypted sensitive data.&quot;

[MemoryGraph] Persist failed: [Storage] Encryption required for key &apos;memory:recent&apos; but HUNDUNOS_ENCRYPTION_KEY is not set. Refusing to write unencrypted sensitive data.

2026-04-14T07:43:16.980Z [33m[WARN][0m [HundunOS:Storage] put error: &quot;[Storage] Encryption required for key &apos;memory:recent&apos; but HUNDUNOS_ENCRYPTION_KEY is not set. Refusing to write unencrypted sensitive data.&quot;

[MemoryGraph] Persist failed: [Storage] Encryption required for key &apos;memory:recent&apos; but HUNDUNOS_ENCRYPTION_KEY is not set. Refusing to write unencrypted sensitive data.

2026-04-14T07:43:16.981Z [33m[WARN][0m [HundunOS:Storage] put error: &quot;[Storage] Encryption required for key &apos;memory:recent&apos; but HUNDUNOS_ENCRYPTION_KEY is not set. Refusing to write unencrypted sensitive data.&quot;

[MemoryGraph] Persist failed: [Storage] Encryption required for key &apos;memory:recent&apos; but HUNDUNOS_ENCRYPTION_KEY is not set. Refusing to write unencrypted sensitive data.

2026-04-14T07:43:17.009Z [33m[WARN][0m [HundunOS:Storage] put error: &quot;[Storage] Encryption required for key &apos;memory:recent&apos; but HUNDUNOS_ENCRYPTION_KEY is not set. Refusing to write unencrypted sensitive data.&quot;

[MemoryGraph] Persist failed: [Storage] Encryption required for key &apos;memory:recent&apos; but HUNDUNOS_ENCRYPTION_KEY is not set. Refusing to write unencrypted sensitive data.

2026-04-14T07:43:17.011Z [33m[WARN][0m [HundunOS:Storage] put error: &quot;[Storage] Encryption required for key &apos;memory:recent&apos; but HUNDUNOS_ENCRYPTION_KEY is not set. Refusing to write unencrypted sensitive data.&quot;

[MemoryGraph] Persist failed: [Storage] Encryption required for key &apos;memory:recent&apos; but HUNDUNOS_ENCRYPTION_KEY is not set. Refusing to write unencrypted sensitive data.

2026-04-14T07:43:17.012Z [33m[WARN][0m [HundunOS:Storage] put error: &quot;[Storage] Encryption required for key &apos;memory:recent&apos; but HUNDUNOS_ENCRYPTION_KEY is not set. Refusing to write unencrypted sensitive data.&quot;

[MemoryGraph] Persist failed: [Storage] Encryption required for key &apos;memory:recent&apos; but HUNDUNOS_ENCRYPTION_KEY is not set. Refusing to write unencrypted sensitive data.

2026-04-14T07:43:17.013Z [33m[WARN][0m [HundunOS:Storage] put error: &quot;[Storage] Encryption required for key &apos;memory:recent&apos; but HUNDUNOS_ENCRYPTION_KEY is not set. Refusing to write unencrypted sensitive data.&quot;

[MemoryGraph] Persist failed: [Storage] Encryption required for key &apos;memory:recent&apos; but HUNDUNOS_ENCRYPTION_KEY is not set. Refusing to write unencrypted sensitive data.

2026-04-14T07:43:17.015Z [33m[WARN][0m [HundunOS:Storage] put error: &quot;[Storage] Encryption required for key &apos;memory:recent&apos; but HUNDUNOS_ENCRYPTION_KEY is not set. Refusing to write unencrypted sensitive data.&quot;

[MemoryGraph] Persist failed: [Storage] Encryption required for key &apos;memory:recent&apos; but HUNDUNOS_ENCRYPTION_KEY is not set. Refusing to write unencrypted sensitive data.

2026-04-14T07:43:17.016Z [33m[WARN][0m [HundunOS:Storage] put error: &quot;[Storage] Encryption required for key &apos;memory:recent&apos; but HUNDUNOS_ENCRYPTION_KEY is not set. Refusing to write unencrypted sensitive data.&quot;

[MemoryGraph] Persist failed: [Storage] Encryption required for key &apos;memory:recent&apos; but HUNDUNOS_ENCRYPTION_KEY is not set. Refusing to write unencrypted sensitive data.

2026-04-14T07:43:17.017Z [33m[WARN][0m [HundunOS:Storage] put error: &quot;[Storage] Encryption required for key &apos;memory:recent&apos; but HUNDUNOS_ENCRYPTION_KEY is not set. Refusing to write unencrypted sensitive data.&quot;

[MemoryGraph] Persist failed: [Storage] Encryption required for key &apos;memory:recent&apos; but HUNDUNOS_ENCRYPTION_KEY is not set. Refusing to write unencrypted sensitive data.

2026-04-14T07:43:17.018Z [33m[WARN][0m [HundunOS:Storage] put error: &quot;[Storage] Encryption required for key &apos;memory:recent&apos; but HUNDUNOS_ENCRYPTION_KEY is not set. Refusing to write unencrypted sensitive data.&quot;

[MemoryGraph] Persist failed: [Storage] Encryption required for key &apos;memory:recent&apos; but HUNDUNOS_ENCRYPTION_KEY is not set. Refusing to write unencrypted sensitive data.

2026-04-14T07:43:17.019Z [33m[WARN][0m [HundunOS:Storage] put error: &quot;[Storage] Encryption required for key &apos;memory:recent&apos; but HUNDUNOS_ENCRYPTION_KEY is not set. Refusing to write unencrypted sensitive data.&quot;

[MemoryGraph] Persist failed: [Storage] Encryption required for key &apos;memory:recent&apos; but HUNDUNOS_ENCRYPTION_KEY is not set. Refusing to write unencrypted sensitive data.

2026-04-14T07:43:17.020Z [33m[WARN][0m [HundunOS:Storage] put error: &quot;[Storage] Encryption required for key &apos;memory:recent&apos; but HUNDUNOS_ENCRYPTION_KEY is not set. Refusing to write unencrypted sensitive data.&quot;

[MemoryGraph] Persist failed: [Storage] Encryption required for key &apos;memory:recent&apos; but HUNDUNOS_ENCRYPTION_KEY is not set. Refusing to write unencrypted sensitive data.

2026-04-14T07:43:17.031Z [33m[WARN][0m [HundunOS:Storage] put error: &quot;[Storage] Encryption required for key &apos;memory:recent&apos; but HUNDUNOS_ENCRYPTION_KEY is not set. Refusing to write unencrypted sensitive data.&quot;

[MemoryGraph] Persist failed: [Storage] Encryption required for key &apos;memory:recent&apos; but HUNDUNOS_ENCRYPTION_KEY is not set. Refusing to write unencrypted sensitive data.

2026-04-14T07:43:17.032Z [33m[WARN][0m [HundunOS:Storage] put error: &quot;[Storage] Encryption required for key &apos;memory:recent&apos; but HUNDUNOS_ENCRYPTION_KEY is not set. Refusing to write unencrypted sensitive data.&quot;

[MemoryGraph] Persist failed: [Storage] Encryption required for key &apos;memory:recent&apos; but HUNDUNOS_ENCRYPTION_KEY is not set. Refusing to write unencrypted sensitive data.

2026-04-14T07:43:17.033Z [33m[WARN][0m [HundunOS:Storage] put error: &quot;[Storage] Encryption required for key &apos;memory:recent&apos; but HUNDUNOS_ENCRYPTION_KEY is not set. Refusing to write unencrypted sensitive data.&quot;

[MemoryGraph] Persist failed: [Storage] Encryption required for key &apos;memory:recent&apos; but HUNDUNOS_ENCRYPTION_KEY is not set. Refusing to write unencrypted sensitive data.

2026-04-14T07:43:17.037Z [33m[WARN][0m [HundunOS:Storage] put error: &quot;[Storage] Encryption required for key &apos;memory:recent&apos; but HUNDUNOS_ENCRYPTION_KEY is not set. Refusing to write unencrypted sensitive data.&quot;

[MemoryGraph] Persist failed: [Storage] Encryption required for key &apos;memory:recent&apos; but HUNDUNOS_ENCRYPTION_KEY is not set. Refusing to write unencrypted sensitive data.

2026-04-14T07:43:17.037Z [33m[WARN][0m [HundunOS:Storage] put error: &quot;[Storage] Encryption required for key &apos;memory:recent&apos; but HUNDUNOS_ENCRYPTION_KEY is not set. Refusing to write unencrypted sensitive data.&quot;

[MemoryGraph] Persist failed: [Storage] Encryption required for key &apos;memory:recent&apos; but HUNDUNOS_ENCRYPTION_KEY is not set. Refusing to write unencrypted sensitive data.

2026-04-14T07:43:17.038Z [33m[WARN][0m [HundunOS:Storage] put error: &quot;[Storage] Encryption required for key &apos;memory:recent&apos; but HUNDUNOS_ENCRYPTION_KEY is not set. Refusing to write unencrypted sensitive data.&quot;

[MemoryGraph] Persist failed: [Storage] Encryption required for key &apos;memory:recent&apos; but HUNDUNOS_ENCRYPTION_KEY is not set. Refusing to write unencrypted sensitive data.

2026-04-14T07:43:17.038Z [33m[WARN][0m [HundunOS:Storage] put error: &quot;[Storage] Encryption required for key &apos;memory:recent&apos; but HUNDUNOS_ENCRYPTION_KEY is not set. Refusing to write unencrypted sensitive data.&quot;

[MemoryGraph] Persist failed: [Storage] Encryption required for key &apos;memory:recent&apos; but HUNDUNOS_ENCRYPTION_KEY is not set. Refusing to write unencrypted sensitive data.

2026-04-14T07:43:17.039Z [33m[WARN][0m [HundunOS:Storage] put error: &quot;[Storage] Encryption required for key &apos;memory:recent&apos; but HUNDUNOS_ENCRYPTION_KEY is not set. Refusing to write unencrypted sensitive data.&quot;

[MemoryGraph] Persist failed: [Storage] Encryption required for key &apos;memory:recent&apos; but HUNDUNOS_ENCRYPTION_KEY is not set. Refusing to write unencrypted sensitive data.

2026-04-14T07:43:17.040Z [33m[WARN][0m [HundunOS:Storage] put error: &quot;[Storage] Encryption required for key &apos;memory:recent&apos; but HUNDUNOS_ENCRYPTION_KEY is not set. Refusing to write unencrypted sensitive data.&quot;

[MemoryGraph] Persist failed: [Storage] Encryption required for key &apos;memory:recent&apos; but HUNDUNOS_ENCRYPTION_KEY is not set. Refusing to write unencrypted sensitive data.

2026-04-14T07:43:17.042Z [33m[WARN][0m [HundunOS:Storage] put error: &quot;[Storage] Encryption required for key &apos;memory:recent&apos; but HUNDUNOS_ENCRYPTION_KEY is not set. Refusing to write unencrypted sensitive data.&quot;

[MemoryGraph] Persist failed: [Storage] Encryption required for key &apos;memory:recent&apos; but HUNDUNOS_ENCRYPTION_KEY is not set. Refusing to write unencrypted sensitive data.

2026-04-14T07:43:17.205Z [33m[WARN][0m [HundunOS:Storage] put error: &quot;[Storage] Encryption required for key &apos;memory:recent&apos; but HUNDUNOS_ENCRYPTION_KEY is not set. Refusing to write unencrypted sensitive data.&quot;

[MemoryGraph] Persist failed: [Storage] Encryption required for key &apos;memory:recent&apos; but HUNDUNOS_ENCRYPTION_KEY is not set. Refusing to write unencrypted sensitive data.

2026-04-14T07:43:17.206Z [33m[WARN][0m [HundunOS:Storage] put error: &quot;[Storage] Encryption required for key &apos;memory:recent&apos; but HUNDUNOS_ENCRYPTION_KEY is not set. Refusing to write unencrypted sensitive data.&quot;

[MemoryGraph] Persist failed: [Storage] Encryption required for key &apos;memory:recent&apos; but HUNDUNOS_ENCRYPTION_KEY is not set. Refusing to write unencrypted sensitive data.

2026-04-14T07:43:17.209Z [33m[WARN][0m [HundunOS:Storage] put error: &quot;[Storage] Encryption required for key &apos;memory:recent&apos; but HUNDUNOS_ENCRYPTION_KEY is not set. Refusing to write unencrypted sensitive data.&quot;

[MemoryGraph] Persist failed: [Storage] Encryption required for key &apos;memory:recent&apos; but HUNDUNOS_ENCRYPTION_KEY is not set. Refusing to write unencrypted sensitive data.

2026-04-14T07:43:17.210Z [33m[WARN][0m [HundunOS:Storage] put error: &quot;[Storage] Encryption required for key &apos;memory:recent&apos; but HUNDUNOS_ENCRYPTION_KEY is not set. Refusing to write unencrypted sensitive data.&quot;

[MemoryGraph] Persist failed: [Storage] Encryption required for key &apos;memory:recent&apos; but HUNDUNOS_ENCRYPTION_KEY is not set. Refusing to write unencrypted sensitive data.

2026-04-14T07:43:17.215Z [33m[WARN][0m [HundunOS:Storage] put error: &quot;[Storage] Encryption required for key &apos;memory:recent&apos; but HUNDUNOS_ENCRYPTION_KEY is not set. Refusing to write unencrypted sensitive data.&quot;

[MemoryGraph] Persist failed: [Storage] Encryption required for key &apos;memory:recent&apos; but HUNDUNOS_ENCRYPTION_KEY is not set. Refusing to write unencrypted sensitive data.

2026-04-14T07:43:17.217Z [33m[WARN][0m [HundunOS:Storage] put error: &quot;[Storage] Encryption required for key &apos;memory:recent&apos; but HUNDUNOS_ENCRYPTION_KEY is not set. Refusing to write unencrypted sensitive data.&quot;

[MemoryGraph] Persist failed: [Storage] Encryption required for key &apos;memory:recent&apos; but HUNDUNOS_ENCRYPTION_KEY is not set. Refusing to write unencrypted sensitive data.

2026-04-14T07:43:17.218Z [33m[WARN][0m [HundunOS:Storage] put error: &quot;[Storage] Encryption required for key &apos;memory:recent&apos; but HUNDUNOS_ENCRYPTION_KEY is not set. Refusing to write unencrypted sensitive data.&quot;

[MemoryGraph] Persist failed: [Storage] Encryption required for key &apos;memory:recent&apos; but HUNDUNOS_ENCRYPTION_KEY is not set. Refusing to write unencrypted sensitive data.

2026-04-14T07:43:17.223Z [33m[WARN][0m [HundunOS:Storage] put error: &quot;[Storage] Encryption required for key &apos;memory:recent&apos; but HUNDUNOS_ENCRYPTION_KEY is not set. Refusing to write unencrypted sensitive data.&quot;

[MemoryGraph] Persist failed: [Storage] Encryption required for key &apos;memory:recent&apos; but HUNDUNOS_ENCRYPTION_KEY is not set. Refusing to write unencrypted sensitive data.

2026-04-14T07:43:17.224Z [33m[WARN][0m [HundunOS:Storage] put error: &quot;[Storage] Encryption required for key &apos;memory:recent&apos; but HUNDUNOS_ENCRYPTION_KEY is not set. Refusing to write unencrypted sensitive data.&quot;

[MemoryGraph] Persist failed: [Storage] Encryption required for key &apos;memory:recent&apos; but HUNDUNOS_ENCRYPTION_KEY is not set. Refusing to write unencrypted sensitive data.

2026-04-14T07:43:17.226Z [33m[WARN][0m [HundunOS:Storage] put error: &quot;[Storage] Encryption required for key &apos;memory:recent&apos; but HUNDUNOS_ENCRYPTION_KEY is not set. Refusing to write unencrypted sensitive data.&quot;

[MemoryGraph] Persist failed: [Storage] Encryption required for key &apos;memory:recent&apos; but HUNDUNOS_ENCRYPTION_KEY is not set. Refusing to write unencrypted sensitive data.

2026-04-14T07:43:17.265Z [33m[WARN][0m [HundunOS:Storage] put error: &quot;[Storage] Encryption required for key &apos;memory:recent&apos; but HUNDUNOS_ENCRYPTION_KEY is not set. Refusing to write unencrypted sensitive data.&quot;

[MemoryGraph] Persist failed: [Storage] Encryption required for key &apos;memory:recent&apos; but HUNDUNOS_ENCRYPTION_KEY is not set. Refusing to write unencrypted sensitive data.

2026-04-14T07:43:17.267Z [33m[WARN][0m [HundunOS:Storage] put error: &quot;[Storage] Encryption required for key &apos;memory:recent&apos; but HUNDUNOS_ENCRYPTION_KEY is not set. Refusing to write unencrypted sensitive data.&quot;

[MemoryGraph] Persist failed: [Storage] Encryption required for key &apos;memory:recent&apos; but HUNDUNOS_ENCRYPTION_KEY is not set. Refusing to write unencrypted sensitive data.

2026-04-14T07:43:17.271Z [33m[WARN][0m [HundunOS:Storage] put error: &quot;[Storage] Encryption required for key &apos;memory:recent&apos; but HUNDUNOS_ENCRYPTION_KEY is not set. Refusing to write unencrypted sensitive data.&quot;

[MemoryGraph] Persist failed: [Storage] Encryption required for key &apos;memory:recent&apos; but HUNDUNOS_ENCRYPTION_KEY is not set. Refusing to write unencrypted sensitive data.

2026-04-14T07:43:17.272Z [33m[WARN][0m [HundunOS:Storage] put error: &quot;[Storage] Encryption required for key &apos;memory:recent&apos; but HUNDUNOS_ENCRYPTION_KEY is not set. Refusing to write unencrypted sensitive data.&quot;

[MemoryGraph] Persist failed: [Storage] Encryption required for key &apos;memory:recent&apos; but HUNDUNOS_ENCRYPTION_KEY is not set. Refusing to write unencrypted sensitive data.

2026-04-14T07:43:17.273Z [33m[WARN][0m [HundunOS:Storage] put error: &quot;[Storage] Encryption required for key &apos;memory:recent&apos; but HUNDUNOS_ENCRYPTION_KEY is not set. Refusing to write unencrypted sensitive data.&quot;

[MemoryGraph] Persist failed: [Storage] Encryption required for key &apos;memory:recent&apos; but HUNDUNOS_ENCRYPTION_KEY is not set. Refusing to write unencrypted sensitive data.

2026-04-14T07:43:17.274Z [33m[WARN][0m [HundunOS:Storage] put error: &quot;[Storage] Encryption required for key &apos;memory:recent&apos; but HUNDUNOS_ENCRYPTION_KEY is not set. Refusing to write unencrypted sensitive data.&quot;

[MemoryGraph] Persist failed: [Storage] Encryption required for key &apos;memory:recent&apos; but HUNDUNOS_ENCRYPTION_KEY is not set. Refusing to write unencrypted sensitive data.

2026-04-14T07:43:17.275Z [33m[WARN][0m [HundunOS:Storage] put error: &quot;[Storage] Encryption required for key &apos;memory:recent&apos; but HUNDUNOS_ENCRYPTION_KEY is not set. Refusing to write unencrypted sensitive data.&quot;

[MemoryGraph] Persist failed: [Storage] Encryption required for key &apos;memory:recent&apos; but HUNDUNOS_ENCRYPTION_KEY is not set. Refusing to write unencrypted sensitive data.

2026-04-14T07:43:17.276Z [33m[WARN][0m [HundunOS:Storage] put error: &quot;[Storage] Encryption required for key &apos;memory:recent&apos; but HUNDUNOS_ENCRYPTION_KEY is not set. Refusing to write unencrypted sensitive data.&quot;

[MemoryGraph] Persist failed: [Storage] Encryption required for key &apos;memory:recent&apos; but HUNDUNOS_ENCRYPTION_KEY is not set. Refusing to write unencrypted sensitive data.

2026-04-14T07:43:17.277Z [33m[WARN][0m [HundunOS:Storage] put error: &quot;[Storage] Encryption required for key &apos;memory:recent&apos; but HUNDUNOS_ENCRYPTION_KEY is not set. Refusing to write unencrypted sensitive data.&quot;

[MemoryGraph] Persist failed: [Storage] Encryption required for key &apos;memory:recent&apos; but HUNDUNOS_ENCRYPTION_KEY is not set. Refusing to write unencrypted sensitive data.

2026-04-14T07:43:17.278Z [33m[WARN][0m [HundunOS:Storage] put error: &quot;[Storage] Encryption required for key &apos;memory:recent&apos; but HUNDUNOS_ENCRYPTION_KEY is not set. Refusing to write unencrypted sensitive data.&quot;

[MemoryGraph] Persist failed: [Storage] Encryption required for key &apos;memory:recent&apos; but HUNDUNOS_ENCRYPTION_KEY is not set. Refusing to write unencrypted sensitive data.

2026-04-14T07:43:17.288Z [33m[WARN][0m [HundunOS:Storage] put error: &quot;[Storage] Encryption required for key &apos;memory:recent&apos; but HUNDUNOS_ENCRYPTION_KEY is not set. Refusing to write unencrypted sensitive data.&quot;

[MemoryGraph] Persist failed: [Storage] Encryption required for key &apos;memory:recent&apos; but HUNDUNOS_ENCRYPTION_KEY is not set. Refusing to write unencrypted sensitive data.

2026-04-14T07:43:17.289Z [33m[WARN][0m [HundunOS:Storage] put error: &quot;[Storage] Encryption required for key &apos;memory:recent&apos; but HUNDUNOS_ENCRYPTION_KEY is not set. Refusing to write unencrypted sensitive data.&quot;

[MemoryGraph] Persist failed: [Storage] Encryption required for key &apos;memory:recent&apos; but HUNDUNOS_ENCRYPTION_KEY is not set. Refusing to write unencrypted sensitive data.

2026-04-14T07:43:17.290Z [33m[WARN][0m [HundunOS:Storage] put error: &quot;[Storage] Encryption required for key &apos;memory:recent&apos; but HUNDUNOS_ENCRYPTION_KEY is not set. Refusing to write unencrypted sensitive data.&quot;

[MemoryGraph] Persist failed: [Storage] Encryption required for key &apos;memory:recent&apos; but HUNDUNOS_ENCRYPTION_KEY is not set. Refusing to write unencrypted sensitive data.

2026-04-14T07:43:17.292Z [33m[WARN][0m [HundunOS:Storage] put error: &quot;[Storage] Encryption required for key &apos;memory:recent&apos; but HUNDUNOS_ENCRYPTION_KEY is not set. Refusing to write unencrypted sensitive data.&quot;

[MemoryGraph] Persist failed: [Storage] Encryption required for key &apos;memory:recent&apos; but HUNDUNOS_ENCRYPTION_KEY is not set. Refusing to write unencrypted sensitive data.

2026-04-14T07:43:17.292Z [33m[WARN][0m [HundunOS:Storage] put error: &quot;[Storage] Encryption required for key &apos;memory:recent&apos; but HUNDUNOS_ENCRYPTION_KEY is not set. Refusing to write unencrypted sensitive data.&quot;

[MemoryGraph] Persist failed: [Storage] Encryption required for key &apos;memory:recent&apos; but HUNDUNOS_ENCRYPTION_KEY is not set. Refusing to write unencrypted sensitive data.

2026-04-14T07:43:17.293Z [33m[WARN][0m [HundunOS:Storage] put error: &quot;[Storage] Encryption required for key &apos;memory:recent&apos; but HUNDUNOS_ENCRYPTION_KEY is not set. Refusing to write unencrypted sensitive data.&quot;

[MemoryGraph] Persist failed: [Storage] Encryption required for key &apos;memory:recent&apos; but HUNDUNOS_ENCRYPTION_KEY is not set. Refusing to write unencrypted sensitive data.

2026-04-14T07:43:17.294Z [33m[WARN][0m [HundunOS:Storage] put error: &quot;[Storage] Encryption required for key &apos;memory:recent&apos; but HUNDUNOS_ENCRYPTION_KEY is not set. Refusing to write unencrypted sensitive data.&quot;

[MemoryGraph] Persist failed: [Storage] Encryption required for key &apos;memory:recent&apos; but HUNDUNOS_ENCRYPTION_KEY is not set. Refusing to write unencrypted sensitive data.

2026-04-14T07:43:17.295Z [33m[WARN][0m [HundunOS:Storage] put error: &quot;[Storage] Encryption required for key &apos;memory:recent&apos; but HUNDUNOS_ENCRYPTION_KEY is not set. Refusing to write unencrypted sensitive data.&quot;

[MemoryGraph] Persist failed: [Storage] Encryption required for key &apos;memory:recent&apos; but HUNDUNOS_ENCRYPTION_KEY is not set. Refusing to write unencrypted sensitive data.

2026-04-14T07:43:17.295Z [33m[WARN][0m [HundunOS:Storage] put error: &quot;[Storage] Encryption required for key &apos;memory:recent&apos; but HUNDUNOS_ENCRYPTION_KEY is not set. Refusing to write unencrypted sensitive data.&quot;

[MemoryGraph] Persist failed: [Storage] Encryption required for key &apos;memory:recent&apos; but HUNDUNOS_ENCRYPTION_KEY is not set. Refusing to write unencrypted sensitive data.

2026-04-14T07:43:17.301Z [33m[WARN][0m [HundunOS:Storage] put error: &quot;[Storage] Encryption required for key &apos;memory:recent&apos; but HUNDUNOS_ENCRYPTION_KEY is not set. Refusing to write unencrypted sensitive data.&quot;

[MemoryGraph] Persist failed: [Storage] Encryption required for key &apos;memory:recent&apos; but HUNDUNOS_ENCRYPTION_KEY is not set. Refusing to write unencrypted sensitive data.

2026-04-14T07:43:17.393Z [33m[WARN][0m [HundunOS:Storage] put error: &quot;[Storage] Encryption required for key &apos;memory:recent&apos; but HUNDUNOS_ENCRYPTION_KEY is not set. Refusing to write unencrypted sensitive data.&quot;

[MemoryGraph] Persist failed: [Storage] Encryption required for key &apos;memory:recent&apos; but HUNDUNOS_ENCRYPTION_KEY is not set. Refusing to write unencrypted sensitive data.

2026-04-14T07:43:17.395Z [33m[WARN][0m [HundunOS:Storage] put error: &quot;[Storage] Encryption required for key &apos;memory:recent&apos; but HUNDUNOS_ENCRYPTION_KEY is not set. Refusing to write unencrypted sensitive data.&quot;

[MemoryGraph] Persist failed: [Storage] Encryption required for key &apos;memory:recent&apos; but HUNDUNOS_ENCRYPTION_KEY is not set. Refusing to write unencrypted sensitive data.

2026-04-14T07:43:17.395Z [33m[WARN][0m [HundunOS:Storage] put error: &quot;[Storage] Encryption required for key &apos;memory:recent&apos; but HUNDUNOS_ENCRYPTION_KEY is not set. Refusing to write unencrypted sensitive data.&quot;

[MemoryGraph] Persist failed: [Storage] Encryption required for key &apos;memory:recent&apos; but HUNDUNOS_ENCRYPTION_KEY is not set. Refusing to write unencrypted sensitive data.

2026-04-14T07:43:17.396Z [33m[WARN][0m [HundunOS:Storage] put error: &quot;[Storage] Encryption required for key &apos;memory:recent&apos; but HUNDUNOS_ENCRYPTION_KEY is not set. Refusing to write unencrypted sensitive data.&quot;

[MemoryGraph] Persist failed: [Storage] Encryption required for key &apos;memory:recent&apos; but HUNDUNOS_ENCRYPTION_KEY is not set. Refusing to write unencrypted sensitive data.

2026-04-14T07:43:17.397Z [33m[WARN][0m [HundunOS:Storage] put error: &quot;[Storage] Encryption required for key &apos;memory:recent&apos; but HUNDUNOS_ENCRYPTION_KEY is not set. Refusing to write unencrypted sensitive data.&quot;

[MemoryGraph] Persist failed: [Storage] Encryption required for key &apos;memory:recent&apos; but HUNDUNOS_ENCRYPTION_KEY is not set. Refusing to write unencrypted sensitive data.

2026-04-14T07:43:17.398Z [33m[WARN][0m [HundunOS:Storage] put error: &quot;[Storage] Encryption required for key &apos;memory:recent&apos; but HUNDUNOS_ENCRYPTION_KEY is not set. Refusing to write unencrypted sensitive data.&quot;

[MemoryGraph] Persist failed: [Storage] Encryption required for key &apos;memory:recent&apos; but HUNDUNOS_ENCRYPTION_KEY is not set. Refusing to write unencrypted sensitive data.

[...]
        </testcase>
        <testcase classname="kernel/pipeline/observability/observability.test.js" name="RealSpan &gt; should serialize to JSON" time="0.0008149">
        </testcase>
        <testcase classname="kernel/pipeline/observability/observability.test.js" name="NoopTracer &gt; should execute callback with empty span" time="0.0053714">
        </testcase>
        <testcase classname="kernel/pipeline/observability/observability.test.js" name="NoopTracer &gt; should handle errors" time="0.0011988">
        </testcase>
        <testcase classname="kernel/pipeline/observability/observability.test.js" name="RealTracer &gt; should execute callback with real span" time="0.0017937">
        </testcase>
        <testcase classname="kernel/pipeline/observability/observability.test.js" name="RealTracer &gt; should handle errors and record them" time="0.0020018">
        </testcase>
        <testcase classname="kernel/pipeline/observability/observability.test.js" name="RealTracer &gt; should track span duration" time="0.0247328">
        </testcase>
        <testcase classname="kernel/pipeline/observability/observability.test.js" name="Tracing &gt; should create tracing with enabled state" time="0.0007232">
        </testcase>
        <testcase classname="kernel/pipeline/observability/observability.test.js" name="Tracing &gt; should create tracing with disabled state" time="0.0003859">
        </testcase>
        <testcase classname="kernel/pipeline/observability/observability.test.js" name="Tracing &gt; should start span" time="0.0003474">
        </testcase>
        <testcase classname="kernel/pipeline/observability/observability.test.js" name="Tracing &gt; should pick workflow attributes" time="0.0002052">
        </testcase>
        <testcase classname="kernel/pipeline/observability/observability.test.js" name="Tracing &gt; should pick node attributes" time="0.0001784">
        </testcase>
        <testcase classname="kernel/pipeline/observability/observability.test.js" name="Tracing &gt; should pick execution attributes" time="0.0001542">
        </testcase>
        <testcase classname="kernel/pipeline/observability/observability.test.js" name="Tracing &gt; should pick error attributes" time="0.000161">
        </testcase>
        <testcase classname="kernel/pipeline/observability/observability.test.js" name="Tracing &gt; should enable and disable tracing" time="0.000156">
        </testcase>
        <testcase classname="kernel/pipeline/observability/observability.test.js" name="Tracing &gt; should set custom tracer" time="0.0000947">
        </testcase>
        <testcase classname="kernel/pipeline/observability/observability.test.js" name="PipelineObservability &gt; should create pipeline observability" time="0.0002394">
        </testcase>
        <testcase classname="kernel/pipeline/observability/observability.test.js" name="PipelineObservability &gt; should observe pipeline execution" time="0.002914">
            <system-out>
Starting span: pipeline_execution:Test Workflow

Completed span: pipeline_execution:Test Workflow (2ms)

            </system-out>
        </testcase>
        <testcase classname="kernel/pipeline/observability/observability.test.js" name="PipelineObservability &gt; should handle pipeline execution errors" time="0.0025194">
            <system-out>
Starting span: pipeline_execution:Test Workflow

            </system-out>
            <system-err>
Failed span: pipeline_execution:Test Workflow Error: Pipeline error
    at C:/Users/Lin/.qclaw/workspace/hundunos/kernel/pipeline/observability/observability.test.js:431:19
    at [90mfile:///C:/Users/Lin/.qclaw/workspace/hundunos/[39mnode_modules/[4m@vitest[24m/runner/dist/chunk-artifact.js:302:11
    at [90mfile:///C:/Users/Lin/.qclaw/workspace/hundunos/[39mnode_modules/[4m@vitest[24m/runner/dist/chunk-artifact.js:1903:26
    at [90mfile:///C:/Users/Lin/.qclaw/workspace/hundunos/[39mnode_modules/[4m@vitest[24m/runner/dist/chunk-artifact.js:2326:20
    at new Promise (&lt;anonymous&gt;)
    at runWithCancel [90m(file:///C:/Users/Lin/.qclaw/workspace/hundunos/[39mnode_modules/[4m@vitest[24m/runner/dist/chunk-artifact.js:2323:10[90m)[39m
    at [90mfile:///C:/Users/Lin/.qclaw/workspace/hundunos/[39mnode_modules/[4m@vitest[24m/runner/dist/chunk-artifact.js:2305:20
    at new Promise (&lt;anonymous&gt;)
    at runWithTimeout [90m(file:///C:/Users/Lin/.qclaw/workspace/hundunos/[39mnode_modules/[4m@vitest[24m/runner/dist/chunk-artifact.js:2272:10[90m)[39m
    at [90mfile:///C:/Users/Lin/.qclaw/workspace/hundunos/[39mnode_modules/[4m@vitest[24m/runner/dist/chunk-artifact.js:2955:64

            </system-err>
        </testcase>
        <testcase classname="kernel/pipeline/observability/observability.test.js" name="PipelineObservability &gt; should observe node execution" time="0.0012296">
            <system-out>
Starting span: node_execution:Test Node

Completed span: node_execution:Test Node (1ms)

            </system-out>
        </testcase>
        <testcase classname="kernel/pipeline/observability/observability.test.js" name="PipelineObservability &gt; should handle node execution errors" time="0.0017441">
            <system-out>
Starting span: node_execution:Test Node

            </system-out>
            <system-err>
Failed span: node_execution:Test Node Error: Node error
    at C:/Users/Lin/.qclaw/workspace/hundunos/kernel/pipeline/observability/observability.test.js:456:19
    at [90mfile:///C:/Users/Lin/.qclaw/workspace/hundunos/[39mnode_modules/[4m@vitest[24m/runner/dist/chunk-artifact.js:302:11
    at [90mfile:///C:/Users/Lin/.qclaw/workspace/hundunos/[39mnode_modules/[4m@vitest[24m/runner/dist/chunk-artifact.js:1903:26
    at [90mfile:///C:/Users/Lin/.qclaw/workspace/hundunos/[39mnode_modules/[4m@vitest[24m/runner/dist/chunk-artifact.js:2326:20
    at new Promise (&lt;anonymous&gt;)
    at runWithCancel [90m(file:///C:/Users/Lin/.qclaw/workspace/hundunos/[39mnode_modules/[4m@vitest[24m/runner/dist/chunk-artifact.js:2323:10[90m)[39m
    at [90mfile:///C:/Users/Lin/.qclaw/workspace/hundunos/[39mnode_modules/[4m@vitest[24m/runner/dist/chunk-artifact.js:2305:20
    at new Promise (&lt;anonymous&gt;)
    at runWithTimeout [90m(file:///C:/Users/Lin/.qclaw/workspace/hundunos/[39mnode_modules/[4m@vitest[24m/runner/dist/chunk-artifact.js:2272:10[90m)[39m
    at [90mfile:///C:/Users/Lin/.qclaw/workspace/hundunos/[39mnode_modules/[4m@vitest[24m/runner/dist/chunk-artifact.js:2955:64

            </system-err>
        </testcase>
        <testcase classname="kernel/pipeline/observability/observability.test.js" name="PipelineObservability &gt; should record retry" time="0.000722">
        </testcase>
        <testcase classname="kernel/pipeline/observability/observability.test.js" name="PipelineObservability &gt; should record event" time="0.0010098">
        </testcase>
        <testcase classname="kernel/pipeline/observability/observability.test.js" name="PipelineObservability &gt; should record metric event" time="0.0004561">
        </testcase>
        <testcase classname="kernel/pipeline/observability/observability.test.js" name="PipelineObservability &gt; should get stats" time="0.0010004">
        </testcase>
        <testcase classname="kernel/pipeline/observability/observability.test.js" name="PipelineObservability &gt; should export prometheus metrics" time="0.0006217">
        </testcase>
        <testcase classname="kernel/pipeline/observability/observability.test.js" name="PipelineObservability &gt; should reset metrics" time="0.000414">
        </testcase>
        <testcase classname="kernel/pipeline/observability/observability.test.js" name="PipelineObservability &gt; should track execution metrics" time="0.0017638">
            <system-out>
Starting span: pipeline_execution:Test Workflow

Completed span: pipeline_execution:Test Workflow (1ms)

            </system-out>
        </testcase>
        <testcase classname="kernel/pipeline/observability/observability.test.js" name="PipelineObservability &gt; should track node execution metrics" time="0.0015013">
            <system-out>
Starting span: node_execution:Test Node

Completed span: node_execution:Test Node (1ms)

            </system-out>
        </testcase>
        <testcase classname="kernel/pipeline/observability/observability.test.js" name="PipelineObservability &gt; should track error metrics" time="0.0231667">
            <system-out>
Starting span: pipeline_execution:Test Workflow

            </system-out>
            <system-err>
Failed span: pipeline_execution:Test Workflow Error: Test error
    at C:/Users/Lin/.qclaw/workspace/hundunos/kernel/pipeline/observability/observability.test.js:548:19
    at [90mfile:///C:/Users/Lin/.qclaw/workspace/hundunos/[39mnode_modules/[4m@vitest[24m/runner/dist/chunk-artifact.js:302:11
    at [90mfile:///C:/Users/Lin/.qclaw/workspace/hundunos/[39mnode_modules/[4m@vitest[24m/runner/dist/chunk-artifact.js:1903:26
    at [90mfile:///C:/Users/Lin/.qclaw/workspace/hundunos/[39mnode_modules/[4m@vitest[24m/runner/dist/chunk-artifact.js:2326:20
    at new Promise (&lt;anonymous&gt;)
    at runWithCancel [90m(file:///C:/Users/Lin/.qclaw/workspace/hundunos/[39mnode_modules/[4m@vitest[24m/runner/dist/chunk-artifact.js:2323:10[90m)[39m
    at [90mfile:///C:/Users/Lin/.qclaw/workspace/hundunos/[39mnode_modules/[4m@vitest[24m/runner/dist/chunk-artifact.js:2305:20
    at new Promise (&lt;anonymous&gt;)
    at runWithTimeout [90m(file:///C:/Users/Lin/.qclaw/workspace/hundunos/[39mnode_modules/[4m@vitest[24m/runner/dist/chunk-artifact.js:2272:10[90m)[39m
    at [90mfile:///C:/Users/Lin/.qclaw/workspace/hundunos/[39mnode_modules/[4m@vitest[24m/runner/dist/chunk-artifact.js:2955:64

            </system-err>
        </testcase>
    </testsuite>
    <testsuite name="kernel/supermemory/__tests__/adapter.test.js" timestamp="2026-04-14T07:47:39.878Z" hostname="Tianwen" tests="1" failures="1" errors="0" skipped="0" time="0">
        <testcase classname="kernel/supermemory/__tests__/adapter.test.js" name="kernel/supermemory/__tests__/adapter.test.js" time="0">
            <failure message="Failed to parse source for import analysis because the content contains invalid JS syntax. If you are using JSX, make sure to name the file with the .jsx or .tsx extension." type="Error">
Error: Failed to parse source for import analysis because the content contains invalid JS syntax. If you are using JSX, make sure to name the file with the .jsx or .tsx extension.
  Plugin: vite:import-analysis
  File: C:/Users/Lin/.qclaw/workspace/hundunos/kernel/supermemory/adapters/api-client.js:184:2
  182 |        timestamp: Date.now()
  183 |      });
  184 |    }
      |    ^
  185 |  
  186 |    /**
 ❯ TransformPluginContext._formatLog node_modules/vite/dist/node/chunks/node.js:30354:39
 ❯ TransformPluginContext.error node_modules/vite/dist/node/chunks/node.js:30351:14
 ❯ TransformPluginContext.transform node_modules/vite/dist/node/chunks/node.js:27597:10
 ❯ EnvironmentPluginContainer.transform node_modules/vite/dist/node/chunks/node.js:30143:14
 ❯ loadAndTransform node_modules/vite/dist/node/chunks/node.js:24468:26
            </failure>
        </testcase>
    </testsuite>
    <testsuite name="kernel/supermemory/__tests__/bulk-operator.test.js" timestamp="2026-04-14T07:47:39.879Z" hostname="Tianwen" tests="17" failures="0" errors="0" skipped="0" time="0.0145869">
        <testcase classname="kernel/supermemory/__tests__/bulk-operator.test.js" name="BulkOperator &gt; 构造函数 &gt; 应该使用默认配置" time="0.0022994">
        </testcase>
        <testcase classname="kernel/supermemory/__tests__/bulk-operator.test.js" name="BulkOperator &gt; 构造函数 &gt; 应该使用自定义配置" time="0.0004101">
        </testcase>
        <testcase classname="kernel/supermemory/__tests__/bulk-operator.test.js" name="BulkOperator &gt; batchAdd &gt; 应该成功批量添加记忆" time="0.0008996">
        </testcase>
        <testcase classname="kernel/supermemory/__tests__/bulk-operator.test.js" name="BulkOperator &gt; batchAdd &gt; 应该正确处理空数组" time="0.0003429">
        </testcase>
        <testcase classname="kernel/supermemory/__tests__/bulk-operator.test.js" name="BulkOperator &gt; batchAdd &gt; 应该正确处理部分失败" time="0.0004348">
        </testcase>
        <testcase classname="kernel/supermemory/__tests__/bulk-operator.test.js" name="BulkOperator &gt; batchAdd &gt; 应该正确分批处理" time="0.0004312">
        </testcase>
        <testcase classname="kernel/supermemory/__tests__/bulk-operator.test.js" name="BulkOperator &gt; batchAdd &gt; 应该支持进度回调" time="0.0004267">
        </testcase>
        <testcase classname="kernel/supermemory/__tests__/bulk-operator.test.js" name="BulkOperator &gt; batchDelete &gt; 应该成功批量删除记忆" time="0.0003455">
        </testcase>
        <testcase classname="kernel/supermemory/__tests__/bulk-operator.test.js" name="BulkOperator &gt; batchDelete &gt; 应该正确处理部分失败" time="0.0041953">
        </testcase>
        <testcase classname="kernel/supermemory/__tests__/bulk-operator.test.js" name="BulkOperator &gt; batchSearch &gt; 应该成功批量搜索记忆" time="0.0007065">
        </testcase>
        <testcase classname="kernel/supermemory/__tests__/bulk-operator.test.js" name="BulkOperator &gt; batchSearch &gt; 应该正确处理搜索失败" time="0.0006507">
        </testcase>
        <testcase classname="kernel/supermemory/__tests__/bulk-operator.test.js" name="BulkOperator &gt; cancelTask &gt; 应该取消正在进行的任务" time="0.0002633">
        </testcase>
        <testcase classname="kernel/supermemory/__tests__/bulk-operator.test.js" name="BulkOperator &gt; cancelTask &gt; 取消不存在的任务应该返回错误" time="0.0001373">
        </testcase>
        <testcase classname="kernel/supermemory/__tests__/bulk-operator.test.js" name="BulkOperator &gt; getTaskStatus &gt; 应该返回任务状态" time="0.0003548">
        </testcase>
        <testcase classname="kernel/supermemory/__tests__/bulk-operator.test.js" name="BulkOperator &gt; getTaskStatus &gt; 不存在的任务应该返回 null" time="0.0001493">
        </testcase>
        <testcase classname="kernel/supermemory/__tests__/bulk-operator.test.js" name="BulkOperator &gt; getStats &gt; 应该返回统计信息" time="0.0002993">
        </testcase>
        <testcase classname="kernel/supermemory/__tests__/bulk-operator.test.js" name="BulkOperator &gt; cleanup &gt; 应该清理已完成的任务" time="0.0003366">
        </testcase>
    </testsuite>
    <testsuite name="kernel/supermemory/__tests__/cache-manager.test.js" timestamp="2026-04-14T07:47:39.881Z" hostname="Tianwen" tests="1" failures="1" errors="0" skipped="0" time="0">
        <testcase classname="kernel/supermemory/__tests__/cache-manager.test.js" name="kernel/supermemory/__tests__/cache-manager.test.js" time="0">
            <failure message="dirname is not a function" type="TypeError">
TypeError: dirname is not a function
 ❯ kernel/supermemory/managers/persistent-cache-manager.js:13:26
 ❯ kernel/supermemory/managers/cache-manager.js:7:1
 ❯ kernel/supermemory/__tests__/cache-manager.test.js:6:1
            </failure>
        </testcase>
    </testsuite>
    <testsuite name="kernel/supermemory/__tests__/error-handler.test.js" timestamp="2026-04-14T07:47:39.882Z" hostname="Tianwen" tests="23" failures="0" errors="0" skipped="0" time="0.9950137">
        <testcase classname="kernel/supermemory/__tests__/error-handler.test.js" name="ErrorHandler &gt; 构造函数 &gt; 应该使用默认配置" time="0.0038254">
        </testcase>
        <testcase classname="kernel/supermemory/__tests__/error-handler.test.js" name="ErrorHandler &gt; 构造函数 &gt; 应该使用自定义配置" time="0.0026427">
        </testcase>
        <testcase classname="kernel/supermemory/__tests__/error-handler.test.js" name="ErrorHandler &gt; classifyError &gt; 应该分类网络错误" time="0.0007857">
        </testcase>
        <testcase classname="kernel/supermemory/__tests__/error-handler.test.js" name="ErrorHandler &gt; classifyError &gt; 应该分类认证错误" time="0.0005409">
        </testcase>
        <testcase classname="kernel/supermemory/__tests__/error-handler.test.js" name="ErrorHandler &gt; classifyError &gt; 应该分类速率限制错误" time="0.0004094">
        </testcase>
        <testcase classname="kernel/supermemory/__tests__/error-handler.test.js" name="ErrorHandler &gt; classifyError &gt; 应该分类服务器错误" time="0.0003385">
        </testcase>
        <testcase classname="kernel/supermemory/__tests__/error-handler.test.js" name="ErrorHandler &gt; classifyError &gt; 应该分类未知错误" time="0.0004034">
        </testcase>
        <testcase classname="kernel/supermemory/__tests__/error-handler.test.js" name="ErrorHandler &gt; retry &gt; 第一次成功时不应该重试" time="0.0014586">
        </testcase>
        <testcase classname="kernel/supermemory/__tests__/error-handler.test.js" name="ErrorHandler &gt; retry &gt; 应该在失败时重试直到成功" time="0.045466">
            <system-err>
[ErrorHandler] 操作失败，10ms 后重试 (1/3): fail1

[ErrorHandler] 操作失败，20ms 后重试 (2/3): fail2

            </system-err>
        </testcase>
        <testcase classname="kernel/supermemory/__tests__/error-handler.test.js" name="ErrorHandler &gt; retry &gt; 应该在达到最大重试次数后抛出错误" time="0.0493604">
            <system-err>
[ErrorHandler] 操作失败，10ms 后重试 (1/3): always fail

[ErrorHandler] 操作失败，20ms 后重试 (2/3): always fail

            </system-err>
        </testcase>
        <testcase classname="kernel/supermemory/__tests__/error-handler.test.js" name="ErrorHandler &gt; retry &gt; 不应该重试不可重试的错误" time="0.0008519">
        </testcase>
        <testcase classname="kernel/supermemory/__tests__/error-handler.test.js" name="ErrorHandler &gt; retry &gt; 应该使用正确的退避策略" time="0.3496396">
            <system-err>
[ErrorHandler] 操作失败，100ms 后重试 (1/3): fail1

[ErrorHandler] 操作失败，200ms 后重试 (2/3): fail2

            </system-err>
        </testcase>
        <testcase classname="kernel/supermemory/__tests__/error-handler.test.js" name="ErrorHandler &gt; getFallbackStrategy &gt; 网络错误应该返回 OFFLINE 策略" time="0.0005601">
        </testcase>
        <testcase classname="kernel/supermemory/__tests__/error-handler.test.js" name="ErrorHandler &gt; getFallbackStrategy &gt; 认证错误应该返回 ERROR 策略" time="0.0008166">
        </testcase>
        <testcase classname="kernel/supermemory/__tests__/error-handler.test.js" name="ErrorHandler &gt; getFallbackStrategy &gt; 速率限制错误应该返回 RETRY 策略" time="0.0001344">
        </testcase>
        <testcase classname="kernel/supermemory/__tests__/error-handler.test.js" name="ErrorHandler &gt; getFallbackStrategy &gt; 服务器错误应该返回 CACHE 策略" time="0.0003274">
        </testcase>
        <testcase classname="kernel/supermemory/__tests__/error-handler.test.js" name="ErrorHandler &gt; executeWithFallback &gt; 成功时应该返回结果" time="0.0025451">
        </testcase>
        <testcase classname="kernel/supermemory/__tests__/error-handler.test.js" name="ErrorHandler &gt; executeWithFallback &gt; 失败时应该执行 fallback" time="0.0031083">
        </testcase>
        <testcase classname="kernel/supermemory/__tests__/error-handler.test.js" name="ErrorHandler &gt; executeWithFallback &gt; fallback 失败时应该抛出错误" time="0.001018">
        </testcase>
        <testcase classname="kernel/supermemory/__tests__/error-handler.test.js" name="ErrorHandler &gt; sleep &gt; 应该等待指定时间" time="0.0022867">
        </testcase>
        <testcase classname="kernel/supermemory/__tests__/error-handler.test.js" name="ErrorHandler &gt; getStats &gt; 应该返回统计信息" time="0.1022793">
            <system-err>
[ErrorHandler] 操作失败，100ms 后重试 (1/3): fail

            </system-err>
        </testcase>
        <testcase classname="kernel/supermemory/__tests__/error-handler.test.js" name="ErrorHandler &gt; getStats &gt; 应该记录失败重试" time="0.3147601">
            <system-err>
[ErrorHandler] 操作失败，100ms 后重试 (1/3): fail

[ErrorHandler] 操作失败，200ms 后重试 (2/3): fail

            </system-err>
        </testcase>
        <testcase classname="kernel/supermemory/__tests__/error-handler.test.js" name="ErrorHandler &gt; resetStats &gt; 应该重置统计信息" time="0.1075067">
            <system-err>
[ErrorHandler] 操作失败，100ms 后重试 (1/3): fail

            </system-err>
        </testcase>
    </testsuite>
</testsuites>
